#
# There is insufficient memory for the Java Runtime Environment to continue.
# Native memory allocation (malloc) failed to allocate 32744 bytes. Error detail: Chunk::new
# Possible reasons:
#   The system is out of physical RAM or swap space
#   This process is running with CompressedOops enabled, and the Java Heap may be blocking the growth of the native heap
# Possible solutions:
#   Reduce memory load on the system
#   Increase physical memory or swap space
#   Check if swap backing store is full
#   Decrease Java heap size (-Xmx/-Xms)
#   Decrease number of Java threads
#   Decrease Java thread stack sizes (-Xss)
#   Set larger code cache with -XX:ReservedCodeCacheSize=
#   JVM is running with Unscaled Compressed Oops mode in which the Java heap is
#     placed in the first 4GB address space. The Java Heap base address is the
#     maximum limit for the native heap growth. Please use -XX:HeapBaseMinAddress
#     to set the Java Heap base and to place the Java Heap above 4GB virtual address.
# This output file may be truncated or incomplete.
#
#  Out of Memory Error (arena.cpp:168), pid=2892, tid=24908
#
# JRE version: OpenJDK Runtime Environment Temurin-21.0.9+10 (21.0.9+10) (build 21.0.9+10-LTS)
# Java VM: OpenJDK 64-Bit Server VM Temurin-21.0.9+10 (21.0.9+10-LTS, mixed mode, sharing, tiered, compressed oops, compressed class ptrs, parallel gc, windows-amd64)
# No core dump will be written. Minidumps are not enabled by default on client versions of Windows
#

---------------  S U M M A R Y ------------

Command Line: --add-modules=ALL-SYSTEM --add-opens=java.base/java.util=ALL-UNNAMED --add-opens=java.base/java.lang=ALL-UNNAMED --add-opens=java.base/sun.nio.fs=ALL-UNNAMED -Declipse.application=org.eclipse.jdt.ls.core.id1 -Dosgi.bundles.defaultStartLevel=4 -Declipse.product=org.eclipse.jdt.ls.core.product -Djava.import.generatesMetadataFilesAtProjectRoot=false -DDetectVMInstallationsJob.disabled=true -Dfile.encoding=utf8 -XX:+UseParallelGC -XX:GCTimeRatio=4 -XX:AdaptiveSizePolicyWeight=90 -Dsun.zip.disableMemoryMapping=true -Xmx2G -Xms100m -Xlog:disable -javaagent:c:\Users\user\.antigravity\extensions\redhat.java-1.52.0-win32-x64\lombok\lombok-1.18.39-4050.jar c:\Users\user\.antigravity\extensions\redhat.java-1.52.0-win32-x64\server\plugins\org.eclipse.equinox.launcher_1.7.100.v20251111-0406.jar -configuration c:\Users\user\AppData\Roaming\Antigravity\User\globalStorage\redhat.java\1.52.0\config_ss_win -data c:\Users\user\AppData\Roaming\Antigravity\User\workspaceStorage\44549bd4ba4e34ee745682b55d69fb08\redhat.java\ss_ws --pipe=\\.\pipe\lsp-03a611a34789feb9cd40e68a981dc690-sock

Host: AMD Ryzen 5 5600H with Radeon Graphics         , 12 cores, 15G,  Windows 11 , 64 bit Build 26100 (10.0.26100.7705)
Time: Tue Feb  3 19:33:49 2026 India Standard Time elapsed time: 16.662786 seconds (0d 0h 0m 16s)

---------------  T H R E A D  ---------------

Current thread (0x000002a0f76d0780):  JavaThread "C2 CompilerThread0" daemon [_thread_in_native, id=24908, stack(0x000000a8fe500000,0x000000a8fe600000) (1024K)]


Current CompileTask:
C2:16662 2456       4       org.eclipse.core.internal.resources.SaveManager::readElement (46 bytes)

Stack: [0x000000a8fe500000,0x000000a8fe600000]
Native frames: (J=compiled Java code, j=interpreted, Vv=VM code, C=native code)
V  [jvm.dll+0x6d6e29]
V  [jvm.dll+0x8b4b76]
V  [jvm.dll+0x8b712e]
V  [jvm.dll+0x8b7813]
V  [jvm.dll+0x283d86]
V  [jvm.dll+0xc66ed]
V  [jvm.dll+0xc6c31]
V  [jvm.dll+0x6b0c56]
V  [jvm.dll+0x39bf73]
V  [jvm.dll+0x3a42b2]
V  [jvm.dll+0x6ebdbd]
V  [jvm.dll+0x6e9408]
V  [jvm.dll+0x6e8a99]
V  [jvm.dll+0x6e6b3e]
V  [jvm.dll+0x1ce18c]
V  [jvm.dll+0x1ced2e]
V  [jvm.dll+0x2f9f1c]
V  [jvm.dll+0x6f12e8]
V  [jvm.dll+0x6e9399]
V  [jvm.dll+0x6e8a99]
V  [jvm.dll+0x6e6b3e]
V  [jvm.dll+0x1ce18c]
V  [jvm.dll+0x24b129]
V  [jvm.dll+0x1cb13e]
V  [jvm.dll+0x25b29d]
V  [jvm.dll+0x25982a]
V  [jvm.dll+0x3f7ea6]
V  [jvm.dll+0x85e9ad]
V  [jvm.dll+0x6d565d]
C  [ucrtbase.dll+0x37b0]
C  [KERNEL32.DLL+0x2e8d7]
C  [ntdll.dll+0x8c40c]


---------------  P R O C E S S  ---------------

Threads class SMR info:
_java_thread_list=0x000002a0d15807d0, length=17, elements={
0x000002a0f761e260, 0x000002a0f76c25a0, 0x000002a0f76c58c0, 0x000002a0f76c87d0,
0x000002a0f76c9220, 0x000002a0f76cd2e0, 0x000002a0f76cf950, 0x000002a0f76d0780,
0x000002a0f76d3790, 0x000002a0d0558880, 0x000002a0d066b2e0, 0x000002a0d193d560,
0x000002a0d06929f0, 0x000002a0d0693320, 0x000002a0d15e0c30, 0x000002a0d16cf610,
0x000002a0d1997740
}

Java Threads: ( => current thread )
  0x000002a0f761e260 JavaThread "main"                              [_thread_blocked, id=5748, stack(0x000000a8fdb00000,0x000000a8fdc00000) (1024K)]
  0x000002a0f76c25a0 JavaThread "Reference Handler"          daemon [_thread_blocked, id=32960, stack(0x000000a8fdf00000,0x000000a8fe000000) (1024K)]
  0x000002a0f76c58c0 JavaThread "Finalizer"                  daemon [_thread_blocked, id=5872, stack(0x000000a8fe000000,0x000000a8fe100000) (1024K)]
  0x000002a0f76c87d0 JavaThread "Signal Dispatcher"          daemon [_thread_blocked, id=10076, stack(0x000000a8fe100000,0x000000a8fe200000) (1024K)]
  0x000002a0f76c9220 JavaThread "Attach Listener"            daemon [_thread_blocked, id=416, stack(0x000000a8fe200000,0x000000a8fe300000) (1024K)]
  0x000002a0f76cd2e0 JavaThread "Service Thread"             daemon [_thread_blocked, id=22588, stack(0x000000a8fe300000,0x000000a8fe400000) (1024K)]
  0x000002a0f76cf950 JavaThread "Monitor Deflation Thread"   daemon [_thread_blocked, id=22384, stack(0x000000a8fe400000,0x000000a8fe500000) (1024K)]
=>0x000002a0f76d0780 JavaThread "C2 CompilerThread0"         daemon [_thread_in_native, id=24908, stack(0x000000a8fe500000,0x000000a8fe600000) (1024K)]
  0x000002a0f76d3790 JavaThread "C1 CompilerThread0"         daemon [_thread_blocked, id=14876, stack(0x000000a8fe600000,0x000000a8fe700000) (1024K)]
  0x000002a0d0558880 JavaThread "Common-Cleaner"             daemon [_thread_blocked, id=8244, stack(0x000000a8fe800000,0x000000a8fe900000) (1024K)]
  0x000002a0d066b2e0 JavaThread "Notification Thread"        daemon [_thread_blocked, id=35372, stack(0x000000a8fe700000,0x000000a8fe800000) (1024K)]
  0x000002a0d193d560 JavaThread "Active Thread: Equinox Container: 6ccd3bcd-9a20-4078-9fe7-00c89637ab2b"        [_thread_blocked, id=21004, stack(0x000000a8ff100000,0x000000a8ff200000) (1024K)]
  0x000002a0d06929f0 JavaThread "Framework Event Dispatcher: Equinox Container: 6ccd3bcd-9a20-4078-9fe7-00c89637ab2b" daemon [_thread_blocked, id=28756, stack(0x000000a8fe900000,0x000000a8fea00000) (1024K)]
  0x000002a0d0693320 JavaThread "Start Level: Equinox Container: 6ccd3bcd-9a20-4078-9fe7-00c89637ab2b" daemon [_thread_in_native, id=18104, stack(0x000000a8ff000000,0x000000a8ff100000) (1024K)]
  0x000002a0d15e0c30 JavaThread "SCR Component Actor"        daemon [_thread_blocked, id=18136, stack(0x000000a8ff300000,0x000000a8ff400000) (1024K)]
  0x000002a0d16cf610 JavaThread "Worker-JM"                         [_thread_blocked, id=25316, stack(0x000000a8ff400000,0x000000a8ff500000) (1024K)]
  0x000002a0d1997740 JavaThread "C2 CompilerThread1"         daemon [_thread_in_native, id=35556, stack(0x000000a8ff700000,0x000000a8ff800000) (1024K)]
Total: 17

Other Threads:
  0x000002a0f76c1930 VMThread "VM Thread"                           [id=22772, stack(0x000000a8fde00000,0x000000a8fdf00000) (1024K)]
  0x000002a0f74aca00 WatcherThread "VM Periodic Task Thread"        [id=26796, stack(0x000000a8fdd00000,0x000000a8fde00000) (1024K)]
  0x000002a0f763ec30 WorkerThread "GC Thread#0"                     [id=14972, stack(0x000000a8fdc00000,0x000000a8fdd00000) (1024K)]
  0x000002a0d13ebbb0 WorkerThread "GC Thread#1"                     [id=29756, stack(0x000000a8fea00000,0x000000a8feb00000) (1024K)]
  0x000002a0d16200a0 WorkerThread "GC Thread#2"                     [id=28884, stack(0x000000a8feb00000,0x000000a8fec00000) (1024K)]
  0x000002a0d1620440 WorkerThread "GC Thread#3"                     [id=1960, stack(0x000000a8fec00000,0x000000a8fed00000) (1024K)]
  0x000002a0d16207e0 WorkerThread "GC Thread#4"                     [id=21800, stack(0x000000a8fed00000,0x000000a8fee00000) (1024K)]
  0x000002a0d19f54a0 WorkerThread "GC Thread#5"                     [id=12724, stack(0x000000a8fee00000,0x000000a8fef00000) (1024K)]
  0x000002a0d19f5840 WorkerThread "GC Thread#6"                     [id=26672, stack(0x000000a8fef00000,0x000000a8ff000000) (1024K)]
  0x000002a0d1917cd0 WorkerThread "GC Thread#7"                     [id=8352, stack(0x000000a8ff200000,0x000000a8ff300000) (1024K)]
  0x000002a0d608bd10 WorkerThread "GC Thread#8"                     [id=12368, stack(0x000000a8ff500000,0x000000a8ff600000) (1024K)]
  0x000002a0d1842bb0 WorkerThread "GC Thread#9"                     [id=11312, stack(0x000000a8ff600000,0x000000a8ff700000) (1024K)]
Total: 12

Threads with active compile tasks:
C2 CompilerThread0  16702 2456       4       org.eclipse.core.internal.resources.SaveManager::readElement (46 bytes)
C2 CompilerThread1  16702 2454       4       org.eclipse.core.internal.dtree.DataTreeReader::readNode (248 bytes)
Total: 2

VM state: not at safepoint (normal execution)

VM Mutex/Monitor currently owned by a thread: None

Heap address: 0x0000000080000000, size: 2048 MB, Compressed Oops mode: 32-bit

CDS archive(s) mapped at: [0x000002a08f000000-0x000002a08fba0000-0x000002a08fba0000), size 12189696, SharedBaseAddress: 0x000002a08f000000, ArchiveRelocationMode: 1.
Compressed class space mapped at: 0x000002a090000000-0x000002a0d0000000, reserved size: 1073741824
Narrow klass base: 0x000002a08f000000, Narrow klass shift: 0, Narrow klass range: 0x100000000

GC Precious Log:
 CardTable entry size: 512
 CPUs: 12 total, 12 available
 Memory: 15710M
 Large Page Support: Disabled
 NUMA Support: Disabled
 Compressed Oops: Enabled (32-bit)
 Alignments: Space 512K, Generation 512K, Heap 2M
 Heap Min Capacity: 100M
 Heap Initial Capacity: 100M
 Heap Max Capacity: 2G
 Pre-touch: Disabled
 Parallel Workers: 10

Heap:
 PSYoungGen      total 29696K, used 17107K [0x00000000d5580000, 0x00000000d7680000, 0x0000000100000000)
  eden space 25600K, 50% used [0x00000000d5580000,0x00000000d6238f98,0x00000000d6e80000)
  from space 4096K, 99% used [0x00000000d6e80000,0x00000000d727c040,0x00000000d7280000)
  to   space 4096K, 0% used [0x00000000d7280000,0x00000000d7280000,0x00000000d7680000)
 ParOldGen       total 68608K, used 2935K [0x0000000080000000, 0x0000000084300000, 0x00000000d5580000)
  object space 68608K, 4% used [0x0000000080000000,0x00000000802ddfd0,0x0000000084300000)
 Metaspace       used 14196K, committed 14720K, reserved 1114112K
  class space    used 1496K, committed 1728K, reserved 1048576K

Card table byte_map: [0x000002a0f6fc0000,0x000002a0f73d0000] _byte_map_base: 0x000002a0f6bc0000

Marking Bits: (ParMarkBitMap*) 0x00007ff9c62a2460
 Begin Bits: [0x000002a0faad0000, 0x000002a0fcad0000)
 End Bits:   [0x000002a0fcad0000, 0x000002a0fead0000)

Polling page: 0x000002a0f5630000

Metaspace:

Usage:
  Non-class:     12.40 MB used.
      Class:      1.46 MB used.
       Both:     13.86 MB used.

Virtual space:
  Non-class space:       64.00 MB reserved,      12.69 MB ( 20%) committed,  1 nodes.
      Class space:        1.00 GB reserved,       1.69 MB ( <1%) committed,  1 nodes.
             Both:        1.06 GB reserved,      14.38 MB (  1%) committed. 

Chunk freelists:
   Non-Class:  2.39 MB
       Class:  14.33 MB
        Both:  16.72 MB

MaxMetaspaceSize: unlimited
CompressedClassSpaceSize: 1.00 GB
Initial GC threshold: 21.00 MB
Current GC threshold: 21.00 MB
CDS: on
 - commit_granule_bytes: 65536.
 - commit_granule_words: 8192.
 - virtual_space_node_default_size: 8388608.
 - enlarge_chunks_in_place: 1.
 - use_allocation_guard: 0.


Internal statistics:

num_allocs_failed_limit: 0.
num_arena_births: 408.
num_arena_deaths: 0.
num_vsnodes_births: 2.
num_vsnodes_deaths: 0.
num_space_committed: 230.
num_space_uncommitted: 0.
num_chunks_returned_to_freelist: 0.
num_chunks_taken_from_freelist: 909.
num_chunk_merges: 0.
num_chunk_splits: 575.
num_chunks_enlarged: 358.
num_inconsistent_stats: 0.

CodeHeap 'non-profiled nmethods': size=120000Kb used=1012Kb max_used=1012Kb free=118987Kb
 bounds [0x000002a087ad0000, 0x000002a087d40000, 0x000002a08f000000]
CodeHeap 'profiled nmethods': size=120000Kb used=4720Kb max_used=4720Kb free=115279Kb
 bounds [0x000002a080000000, 0x000002a0804a0000, 0x000002a087530000]
CodeHeap 'non-nmethods': size=5760Kb used=1256Kb max_used=1277Kb free=4503Kb
 bounds [0x000002a087530000, 0x000002a0877a0000, 0x000002a087ad0000]
CodeCache: size=245760Kb, used=6988Kb, max_used=7009Kb, free=238769Kb
 total_blobs=3012, nmethods=2478, adapters=440, full_count=0
Compilation: enabled, stopped_count=0, restarted_count=0

Compilation events (20 events):
Event: 16.644 Thread 0x000002a0f76d0780 nmethod 2452 0x000002a087bc9590 code [0x000002a087bc9720, 0x000002a087bc9810]
Event: 16.645 Thread 0x000002a0f76d0780 2453       4       org.eclipse.core.runtime.Path::append (147 bytes)
Event: 16.646 Thread 0x000002a0d1997740 nmethod 2449 0x000002a087bc9910 code [0x000002a087bc9b20, 0x000002a087bca0c0]
Event: 16.646 Thread 0x000002a0d1997740 2454       4       org.eclipse.core.internal.dtree.DataTreeReader::readNode (248 bytes)
Event: 16.652 Thread 0x000002a0f76d0780 nmethod 2453 0x000002a087bca590 code [0x000002a087bca780, 0x000002a087bcaff0]
Event: 16.652 Thread 0x000002a0f76d3790 2459       3       java.util.stream.StreamSupport::stream (19 bytes)
Event: 16.652 Thread 0x000002a0f76d0780 2458       4       org.eclipse.core.internal.dtree.AbstractDataTreeNode::<init> (34 bytes)
Event: 16.652 Thread 0x000002a0f76d3790 nmethod 2459 0x000002a08048f390 code [0x000002a08048f580, 0x000002a08048f9b0]
Event: 16.652 Thread 0x000002a0f76d3790 2462       3       java.lang.CharacterData::of (136 bytes)
Event: 16.653 Thread 0x000002a0f76d3790 nmethod 2462 0x000002a08048fb90 code [0x000002a08048fde0, 0x000002a080490670]
Event: 16.653 Thread 0x000002a0f76d3790 2460       3       java.util.stream.ReferencePipeline$Head::<init> (8 bytes)
Event: 16.653 Thread 0x000002a0f76d0780 nmethod 2458 0x000002a087bcb490 code [0x000002a087bcb620, 0x000002a087bcb708]
Event: 16.653 Thread 0x000002a0f76d3790 nmethod 2460 0x000002a080490890 code [0x000002a080490a40, 0x000002a080490bd8]
Event: 16.653 Thread 0x000002a0f76d0780 2446       4       org.eclipse.core.internal.resources.ResourceInfo::setBits (41 bytes)
Event: 16.653 Thread 0x000002a0f76d3790 2461       3       java.util.stream.ReferencePipeline::<init> (8 bytes)
Event: 16.653 Thread 0x000002a0f76d3790 nmethod 2461 0x000002a080490c90 code [0x000002a080490e40, 0x000002a080490f78]
Event: 16.654 Thread 0x000002a0f76d0780 nmethod 2446 0x000002a087bcb810 code [0x000002a087bcb9a0, 0x000002a087bcba40]
Event: 16.654 Thread 0x000002a0f76d0780 2455       4       org.eclipse.core.internal.resources.Workspace::newElement (98 bytes)
Event: 16.655 Thread 0x000002a0f76d0780 nmethod 2455 0x000002a087bcbe10 code [0x000002a087bcbfa0, 0x000002a087bcc188]
Event: 16.655 Thread 0x000002a0f76d0780 2456       4       org.eclipse.core.internal.resources.SaveManager::readElement (46 bytes)

GC Heap History (6 events):
Event: 1.983 GC heap before
{Heap before GC invocations=1 (full 0):
 PSYoungGen      total 29696K, used 25600K [0x00000000d5580000, 0x00000000d7680000, 0x0000000100000000)
  eden space 25600K, 100% used [0x00000000d5580000,0x00000000d6e80000,0x00000000d6e80000)
  from space 4096K, 0% used [0x00000000d7280000,0x00000000d7280000,0x00000000d7680000)
  to   space 4096K, 0% used [0x00000000d6e80000,0x00000000d6e80000,0x00000000d7280000)
 ParOldGen       total 68608K, used 0K [0x0000000080000000, 0x0000000084300000, 0x00000000d5580000)
  object space 68608K, 0% used [0x0000000080000000,0x0000000080000000,0x0000000084300000)
 Metaspace       used 4360K, committed 4608K, reserved 1114112K
  class space    used 473K, committed 576K, reserved 1048576K
}
Event: 1.996 GC heap after
{Heap after GC invocations=1 (full 0):
 PSYoungGen      total 29696K, used 3303K [0x00000000d5580000, 0x00000000d7680000, 0x0000000100000000)
  eden space 25600K, 0% used [0x00000000d5580000,0x00000000d5580000,0x00000000d6e80000)
  from space 4096K, 80% used [0x00000000d6e80000,0x00000000d71b9e98,0x00000000d7280000)
  to   space 4096K, 0% used [0x00000000d7280000,0x00000000d7280000,0x00000000d7680000)
 ParOldGen       total 68608K, used 16K [0x0000000080000000, 0x0000000084300000, 0x00000000d5580000)
  object space 68608K, 0% used [0x0000000080000000,0x0000000080004000,0x0000000084300000)
 Metaspace       used 4360K, committed 4608K, reserved 1114112K
  class space    used 473K, committed 576K, reserved 1048576K
}
Event: 15.461 GC heap before
{Heap before GC invocations=2 (full 0):
 PSYoungGen      total 29696K, used 28903K [0x00000000d5580000, 0x00000000d7680000, 0x0000000100000000)
  eden space 25600K, 100% used [0x00000000d5580000,0x00000000d6e80000,0x00000000d6e80000)
  from space 4096K, 80% used [0x00000000d6e80000,0x00000000d71b9e98,0x00000000d7280000)
  to   space 4096K, 0% used [0x00000000d7280000,0x00000000d7280000,0x00000000d7680000)
 ParOldGen       total 68608K, used 16K [0x0000000080000000, 0x0000000084300000, 0x00000000d5580000)
  object space 68608K, 0% used [0x0000000080000000,0x0000000080004000,0x0000000084300000)
 Metaspace       used 8130K, committed 8384K, reserved 1114112K
  class space    used 860K, committed 960K, reserved 1048576K
}
Event: 15.467 GC heap after
{Heap after GC invocations=2 (full 0):
 PSYoungGen      total 29696K, used 4093K [0x00000000d5580000, 0x00000000d7680000, 0x0000000100000000)
  eden space 25600K, 0% used [0x00000000d5580000,0x00000000d5580000,0x00000000d6e80000)
  from space 4096K, 99% used [0x00000000d7280000,0x00000000d767f680,0x00000000d7680000)
  to   space 4096K, 0% used [0x00000000d6e80000,0x00000000d6e80000,0x00000000d7280000)
 ParOldGen       total 68608K, used 1118K [0x0000000080000000, 0x0000000084300000, 0x00000000d5580000)
  object space 68608K, 1% used [0x0000000080000000,0x0000000080117830,0x0000000084300000)
 Metaspace       used 8130K, committed 8384K, reserved 1114112K
  class space    used 860K, committed 960K, reserved 1048576K
}
Event: 16.346 GC heap before
{Heap before GC invocations=3 (full 0):
 PSYoungGen      total 29696K, used 29693K [0x00000000d5580000, 0x00000000d7680000, 0x0000000100000000)
  eden space 25600K, 100% used [0x00000000d5580000,0x00000000d6e80000,0x00000000d6e80000)
  from space 4096K, 99% used [0x00000000d7280000,0x00000000d767f680,0x00000000d7680000)
  to   space 4096K, 0% used [0x00000000d6e80000,0x00000000d6e80000,0x00000000d7280000)
 ParOldGen       total 68608K, used 1118K [0x0000000080000000, 0x0000000084300000, 0x00000000d5580000)
  object space 68608K, 1% used [0x0000000080000000,0x0000000080117830,0x0000000084300000)
 Metaspace       used 12982K, committed 13504K, reserved 1114112K
  class space    used 1371K, committed 1600K, reserved 1048576K
}
Event: 16.350 GC heap after
{Heap after GC invocations=3 (full 0):
 PSYoungGen      total 29696K, used 4080K [0x00000000d5580000, 0x00000000d7680000, 0x0000000100000000)
  eden space 25600K, 0% used [0x00000000d5580000,0x00000000d5580000,0x00000000d6e80000)
  from space 4096K, 99% used [0x00000000d6e80000,0x00000000d727c040,0x00000000d7280000)
  to   space 4096K, 0% used [0x00000000d7280000,0x00000000d7280000,0x00000000d7680000)
 ParOldGen       total 68608K, used 2935K [0x0000000080000000, 0x0000000084300000, 0x00000000d5580000)
  object space 68608K, 4% used [0x0000000080000000,0x00000000802ddfd0,0x0000000084300000)
 Metaspace       used 12982K, committed 13504K, reserved 1114112K
  class space    used 1371K, committed 1600K, reserved 1048576K
}

Dll operation events (9 events):
Event: 0.227 Loaded shared library c:\Users\user\.antigravity\extensions\redhat.java-1.52.0-win32-x64\jre\21.0.9-win32-x86_64\bin\java.dll
Event: 0.434 Loaded shared library c:\Users\user\.antigravity\extensions\redhat.java-1.52.0-win32-x64\jre\21.0.9-win32-x86_64\bin\zip.dll
Event: 0.468 Loaded shared library C:\Users\user\.antigravity\extensions\redhat.java-1.52.0-win32-x64\jre\21.0.9-win32-x86_64\bin\instrument.dll
Event: 0.531 Loaded shared library C:\Users\user\.antigravity\extensions\redhat.java-1.52.0-win32-x64\jre\21.0.9-win32-x86_64\bin\net.dll
Event: 0.598 Loaded shared library C:\Users\user\.antigravity\extensions\redhat.java-1.52.0-win32-x64\jre\21.0.9-win32-x86_64\bin\nio.dll
Event: 0.603 Loaded shared library C:\Users\user\.antigravity\extensions\redhat.java-1.52.0-win32-x64\jre\21.0.9-win32-x86_64\bin\zip.dll
Event: 0.629 Loaded shared library C:\Users\user\.antigravity\extensions\redhat.java-1.52.0-win32-x64\jre\21.0.9-win32-x86_64\bin\jimage.dll
Event: 0.769 Loaded shared library c:\Users\user\.antigravity\extensions\redhat.java-1.52.0-win32-x64\jre\21.0.9-win32-x86_64\bin\verify.dll
Event: 15.530 Loaded shared library C:\Users\user\AppData\Roaming\Antigravity\User\globalStorage\redhat.java\1.52.0\config_ss_win\org.eclipse.equinox.launcher\org.eclipse.equinox.launcher.win32.win32.x86_64_1.2.1500.v20260121-1430\eclipse_11919.dll

Deoptimization events (20 events):
Event: 16.493 Thread 0x000002a0d0693320 Uncommon trap: trap_request=0xffffff45 fr.pc=0x000002a087b0cbf4 relative=0x0000000000000054
Event: 16.493 Thread 0x000002a0d0693320 Uncommon trap: reason=unstable_if action=reinterpret pc=0x000002a087b0cbf4 method=java.lang.CharacterData.of(I)Ljava/lang/CharacterData; @ 4 c2
Event: 16.493 Thread 0x000002a0d0693320 DEOPT PACKING pc=0x000002a087b0cbf4 sp=0x000000a8ff0f8ec0
Event: 16.493 Thread 0x000002a0d0693320 DEOPT UNPACKING pc=0x000002a087583aa2 sp=0x000000a8ff0f8e58 mode 2
Event: 16.543 Thread 0x000002a0d0693320 Uncommon trap: trap_request=0xffffff45 fr.pc=0x000002a087b7041c relative=0x000000000000007c
Event: 16.543 Thread 0x000002a0d0693320 Uncommon trap: reason=unstable_if action=reinterpret pc=0x000002a087b7041c method=org.eclipse.osgi.container.ModuleRevisionBuilder.unmodifiableMap(Ljava/util/Map;)Ljava/util/Map; @ 27 c2
Event: 16.543 Thread 0x000002a0d0693320 DEOPT PACKING pc=0x000002a087b7041c sp=0x000000a8ff0f9960
Event: 16.544 Thread 0x000002a0d0693320 DEOPT UNPACKING pc=0x000002a087583aa2 sp=0x000000a8ff0f98e0 mode 2
Event: 16.652 Thread 0x000002a0d0693320 Uncommon trap: trap_request=0xffffff45 fr.pc=0x000002a087bc8fe8 relative=0x00000000000000a8
Event: 16.652 Thread 0x000002a0d0693320 Uncommon trap: reason=unstable_if action=reinterpret pc=0x000002a087bc8fe8 method=org.eclipse.core.runtime.Path.equals(Ljava/lang/Object;)Z @ 2 c2
Event: 16.652 Thread 0x000002a0d0693320 DEOPT PACKING pc=0x000002a087bc8fe8 sp=0x000000a8ff0f9520
Event: 16.652 Thread 0x000002a0d0693320 DEOPT UNPACKING pc=0x000002a087583aa2 sp=0x000000a8ff0f9498 mode 2
Event: 16.652 Thread 0x000002a0d0693320 Uncommon trap: trap_request=0xffffff45 fr.pc=0x000002a087bc7c04 relative=0x0000000000000064
Event: 16.652 Thread 0x000002a0d0693320 Uncommon trap: reason=unstable_if action=reinterpret pc=0x000002a087bc7c04 method=org.eclipse.core.internal.dtree.DataTreeReader.hasData(I)Z @ 1 c2
Event: 16.652 Thread 0x000002a0d0693320 DEOPT PACKING pc=0x000002a087bc7c04 sp=0x000000a8ff0f9540
Event: 16.652 Thread 0x000002a0d0693320 DEOPT UNPACKING pc=0x000002a087583aa2 sp=0x000000a8ff0f94c0 mode 2
Event: 16.652 Thread 0x000002a0d0693320 Uncommon trap: trap_request=0xffffffcc fr.pc=0x000002a087bc727c relative=0x000000000000033c
Event: 16.652 Thread 0x000002a0d0693320 Uncommon trap: reason=intrinsic_or_type_checked_inlining action=make_not_entrant pc=0x000002a087bc727c method=java.util.Arrays.copyOf([Ljava/lang/Object;ILjava/lang/Class;)[Ljava/lang/Object; @ 35 c2
Event: 16.652 Thread 0x000002a0d0693320 DEOPT PACKING pc=0x000002a087bc727c sp=0x000000a8ff0f91a0
Event: 16.652 Thread 0x000002a0d0693320 DEOPT UNPACKING pc=0x000002a087583aa2 sp=0x000000a8ff0f9130 mode 2

Classes loaded (20 events):
Event: 16.500 Loading class java/text/MessageFormat$Field
Event: 16.500 Loading class java/text/MessageFormat$Field done
Event: 16.545 Loading class java/util/stream/SortedOps
Event: 16.546 Loading class java/util/stream/SortedOps done
Event: 16.546 Loading class java/util/stream/SortedOps$OfRef
Event: 16.546 Loading class java/util/stream/ReferencePipeline$StatefulOp
Event: 16.547 Loading class java/util/stream/ReferencePipeline$StatefulOp done
Event: 16.547 Loading class java/util/stream/SortedOps$OfRef done
Event: 16.547 Loading class java/util/stream/SortedOps$RefSortingSink
Event: 16.547 Loading class java/util/stream/SortedOps$AbstractRefSortingSink
Event: 16.547 Loading class java/util/stream/SortedOps$AbstractRefSortingSink done
Event: 16.547 Loading class java/util/stream/SortedOps$RefSortingSink done
Event: 16.570 Loading class java/util/zip/ZipOutputStream
Event: 16.571 Loading class java/util/zip/DeflaterOutputStream
Event: 16.571 Loading class java/util/zip/DeflaterOutputStream done
Event: 16.571 Loading class java/util/zip/ZipOutputStream done
Event: 16.572 Loading class java/util/concurrent/ExecutionException
Event: 16.572 Loading class java/util/concurrent/ExecutionException done
Event: 16.655 Loading class java/io/FilenameFilter
Event: 16.655 Loading class java/io/FilenameFilter done

Classes unloaded (0 events):
No events

Classes redefined (0 events):
No events

Internal exceptions (20 events):
Event: 2.597 Thread 0x000002a0f761e260 Exception <a 'java/lang/NoSuchMethodError'{0x00000000d6435a30}: 'void java.lang.invoke.DirectMethodHandle$Holder.invokeStaticInit(java.lang.Object, java.lang.Object)'> (0x00000000d6435a30) 
thrown [s\src\hotspot\share\interpreter\linkResolver.cpp, line 773]
Event: 2.598 Thread 0x000002a0f761e260 Exception <a 'java/lang/NoSuchMethodError'{0x00000000d643ec28}: 'int java.lang.invoke.DirectMethodHandle$Holder.invokeStaticInit(java.lang.Object, java.lang.Object)'> (0x00000000d643ec28) 
thrown [s\src\hotspot\share\interpreter\linkResolver.cpp, line 773]
Event: 2.652 Thread 0x000002a0f761e260 Exception <a 'java/lang/NoSuchMethodError'{0x00000000d6686240}: 'java.lang.Object java.lang.invoke.DirectMethodHandle$Holder.newInvokeSpecial(java.lang.Object, int, java.lang.Object)'> (0x00000000d6686240) 
thrown [s\src\hotspot\share\interpreter\linkResolver.cpp, line 773]
Event: 2.694 Thread 0x000002a0f761e260 Exception <a 'java/lang/ClassNotFoundException'{0x00000000d689fa10}: sun/net/www/protocol/plurl/Handler> (0x00000000d689fa10) 
thrown [s\src\hotspot\share\classfile\systemDictionary.cpp, line 312]
Event: 2.694 Thread 0x000002a0f761e260 Exception <a 'java/lang/ClassNotFoundException'{0x00000000d68a0890}: sun/net/www/protocol/plurl/Handler> (0x00000000d68a0890) 
thrown [s\src\hotspot\share\classfile\systemDictionary.cpp, line 312]
Event: 15.424 Thread 0x000002a0f761e260 Exception <a 'java/lang/UnsatisfiedLinkError'{0x00000000d6ced9d0}: 'void org.eclipse.equinox.launcher.JNIBridge._update_splash()'> (0x00000000d6ced9d0) 
thrown [s\src\hotspot\share\prims\nativeLookup.cpp, line 415]
Event: 15.523 Thread 0x000002a0d0693320 Exception <a 'java/lang/NullPointerException'{0x00000000d57bfd08}> (0x00000000d57bfd08) 
thrown [s\src\hotspot\share\interpreter\linkResolver.cpp, line 1372]
Event: 15.523 Thread 0x000002a0d0693320 Exception <a 'java/lang/NullPointerException'{0x00000000d57bffe8}> (0x00000000d57bffe8) 
thrown [s\src\hotspot\share\interpreter\linkResolver.cpp, line 1372]
Event: 15.794 Thread 0x000002a0d0693320 Exception <a 'java/lang/NoSuchMethodError'{0x00000000d61305b0}: 'long java.lang.invoke.DirectMethodHandle$Holder.invokeSpecial(java.lang.Object, java.lang.Object)'> (0x00000000d61305b0) 
thrown [s\src\hotspot\share\interpreter\linkResolver.cpp, line 773]
Event: 15.863 Thread 0x000002a0d0693320 Exception <a 'java/io/FileNotFoundException'{0x00000000d62fa460}> (0x00000000d62fa460) 
thrown [s\src\hotspot\share\prims\jni.cpp, line 520]
Event: 16.078 Thread 0x000002a0d0693320 Exception <a 'java/lang/NoSuchMethodError'{0x00000000d660c6e0}: 'java.lang.Object java.lang.invoke.Invokers$Holder.linkToTargetMethod(java.lang.Object, long, java.lang.Object)'> (0x00000000d660c6e0) 
thrown [s\src\hotspot\share\interpreter\linkResolver.cpp, line 773]
Event: 16.192 Thread 0x000002a0d0693320 Exception <a 'java/lang/NoSuchMethodError'{0x00000000d69a0198}: 'void java.lang.invoke.DirectMethodHandle$Holder.invokeInterface(java.lang.Object, java.lang.Object, java.lang.Object)'> (0x00000000d69a0198) 
thrown [s\src\hotspot\share\interpreter\linkResolver.cpp, line 773]
Event: 16.231 Thread 0x000002a0d0693320 Exception <a 'java/lang/NoSuchMethodError'{0x00000000d6bb1c38}: 'void java.lang.invoke.Invokers$Holder.invokeExact_MT(java.lang.Object, java.lang.Object, java.lang.Object)'> (0x00000000d6bb1c38) 
thrown [s\src\hotspot\share\interpreter\linkResolver.cpp, line 773]
Event: 16.351 Thread 0x000002a0d0693320 Exception <a 'java/lang/NoSuchMethodError'{0x00000000d5580720}: 'java.lang.Object java.lang.invoke.DirectMethodHandle$Holder.invokeVirtual(java.lang.Object, java.lang.Object, java.lang.Object)'> (0x00000000d5580720) 
thrown [s\src\hotspot\share\interpreter\linkResolver.cpp, line 773]
Event: 16.355 Thread 0x000002a0d0693320 Exception <a 'java/lang/NoSuchMethodError'{0x00000000d5598b78}: 'java.lang.Object java.lang.invoke.DelegatingMethodHandle$Holder.reinvoke_L(java.lang.Object, java.lang.Object, java.lang.Object, java.lang.Object, int, int)'> (0x00000000d5598b78) 
thrown [s\src\hotspot\share\interpreter\linkResolver.cpp, line 773]
Event: 16.357 Thread 0x000002a0d0693320 Exception <a 'java/lang/NoSuchMethodError'{0x00000000d55b5680}: 'java.lang.Object java.lang.invoke.DirectMethodHandle$Holder.newInvokeSpecial(java.lang.Object, java.lang.Object, java.lang.Object, java.lang.Object, java.lang.Object, java.lang.Object)'> (0x00000000d55b5680) 
thrown [s\src\hotspot\share\interpreter\linkResolver.cpp, line 773]
Event: 16.360 Thread 0x000002a0d0693320 Exception <a 'java/lang/NoSuchMethodError'{0x00000000d564b880}: 'void java.lang.invoke.Invokers$Holder.invokeExact_MT(java.lang.Object, java.lang.Object, java.lang.Object, java.lang.Object)'> (0x00000000d564b880) 
thrown [s\src\hotspot\share\interpreter\linkResolver.cpp, line 773]
Event: 16.505 Thread 0x000002a0d0693320 Exception <a 'java/io/FileNotFoundException'{0x00000000d5a9c098}> (0x00000000d5a9c098) 
thrown [s\src\hotspot\share\prims\jni.cpp, line 520]
Event: 16.507 Thread 0x000002a0d0693320 Exception <a 'java/io/FileNotFoundException'{0x00000000d5aa3618}> (0x00000000d5aa3618) 
thrown [s\src\hotspot\share\prims\jni.cpp, line 520]
Event: 16.655 Thread 0x000002a0d0693320 Exception <a 'java/lang/NoSuchMethodError'{0x00000000d6090260}: 'java.lang.Object java.lang.invoke.DirectMethodHandle$Holder.newInvokeSpecial(java.lang.Object, java.lang.Object, java.lang.Object, java.lang.Object, java.lang.Object)'> (0x00000000d6090260) 
thrown [s\src\hotspot\share\interpreter\linkResolver.cpp, line 773]

ZGC Phase Switch (0 events):
No events

VM Operations (20 events):
Event: 2.690 Executing VM operation: HandshakeAllThreads (Deoptimize)
Event: 2.690 Executing VM operation: HandshakeAllThreads (Deoptimize) done
Event: 3.693 Executing VM operation: Cleanup
Event: 3.693 Executing VM operation: Cleanup done
Event: 4.702 Executing VM operation: Cleanup
Event: 4.702 Executing VM operation: Cleanup done
Event: 15.461 Executing VM operation: ParallelGCFailedAllocation (Allocation Failure)
Event: 15.467 Executing VM operation: ParallelGCFailedAllocation (Allocation Failure) done
Event: 15.646 Executing VM operation: HandshakeAllThreads (Deoptimize)
Event: 15.646 Executing VM operation: HandshakeAllThreads (Deoptimize) done
Event: 16.157 Executing VM operation: HandshakeAllThreads (Deoptimize)
Event: 16.157 Executing VM operation: HandshakeAllThreads (Deoptimize) done
Event: 16.346 Executing VM operation: ParallelGCFailedAllocation (Allocation Failure)
Event: 16.350 Executing VM operation: ParallelGCFailedAllocation (Allocation Failure) done
Event: 16.461 Executing VM operation: HandshakeAllThreads (Deoptimize)
Event: 16.461 Executing VM operation: HandshakeAllThreads (Deoptimize) done
Event: 16.467 Executing VM operation: HandshakeAllThreads (Deoptimize)
Event: 16.467 Executing VM operation: HandshakeAllThreads (Deoptimize) done
Event: 16.495 Executing VM operation: HandshakeAllThreads (Deoptimize)
Event: 16.495 Executing VM operation: HandshakeAllThreads (Deoptimize) done

Memory protections (0 events):
No events

Nmethod flushes (0 events):
No events

Events (20 events):
Event: 0.939 Thread 0x000002a0d066b2e0 Thread exited: 0x000002a0d066b2e0
Event: 1.012 Thread 0x000002a0f761e260 Thread added: 0x000002a0d066b2e0
Event: 1.111 Thread 0x000002a0f76d0780 Thread added: 0x000002a0d132ef00
Event: 1.695 Thread 0x000002a0d132ef00 Thread exited: 0x000002a0d132ef00
Event: 1.878 Thread 0x000002a0f76d3790 Thread added: 0x000002a0d161fa00
Event: 2.033 Thread 0x000002a0d161fa00 Thread exited: 0x000002a0d161fa00
Event: 2.238 Thread 0x000002a0f76d3790 Thread added: 0x000002a0d19b8aa0
Event: 2.322 Thread 0x000002a0f76d3790 Thread added: 0x000002a0d602a610
Event: 2.610 Thread 0x000002a0f761e260 Thread added: 0x000002a0d193d560
Event: 3.031 Thread 0x000002a0d19b8aa0 Thread exited: 0x000002a0d19b8aa0
Event: 3.031 Thread 0x000002a0d602a610 Thread exited: 0x000002a0d602a610
Event: 15.414 Thread 0x000002a0f761e260 Thread added: 0x000002a0d06929f0
Event: 15.422 Thread 0x000002a0f761e260 Thread added: 0x000002a0d0693320
Event: 15.633 Thread 0x000002a0d0693320 Thread added: 0x000002a0d15e0c30
Event: 15.805 Thread 0x000002a0f76d3790 Thread added: 0x000002a0d162ba00
Event: 15.806 Thread 0x000002a0f76d3790 Thread added: 0x000002a0d16cf670
Event: 16.006 Thread 0x000002a0d16cf670 Thread exited: 0x000002a0d16cf670
Event: 16.011 Thread 0x000002a0d162ba00 Thread exited: 0x000002a0d162ba00
Event: 16.200 Thread 0x000002a0d0693320 Thread added: 0x000002a0d16cf610
Event: 16.516 Thread 0x000002a0f76d3790 Thread added: 0x000002a0d1997740


Dynamic libraries:
0x00007ff79b460000 - 0x00007ff79b46e000 	c:\Users\user\.antigravity\extensions\redhat.java-1.52.0-win32-x64\jre\21.0.9-win32-x86_64\bin\java.exe
0x00007ffa5f6e0000 - 0x00007ffa5f948000 	C:\WINDOWS\SYSTEM32\ntdll.dll
0x00007ffa5e7b0000 - 0x00007ffa5e879000 	C:\WINDOWS\System32\KERNEL32.DLL
0x00007ffa5c410000 - 0x00007ffa5c801000 	C:\WINDOWS\System32\KERNELBASE.dll
0x00007ffa5c810000 - 0x00007ffa5c95b000 	C:\WINDOWS\System32\ucrtbase.dll
0x00007ffa54f90000 - 0x00007ffa54fae000 	c:\Users\user\.antigravity\extensions\redhat.java-1.52.0-win32-x64\jre\21.0.9-win32-x86_64\bin\VCRUNTIME140.dll
0x00007ffa382c0000 - 0x00007ffa382d8000 	c:\Users\user\.antigravity\extensions\redhat.java-1.52.0-win32-x64\jre\21.0.9-win32-x86_64\bin\jli.dll
0x00007ffa5e430000 - 0x00007ffa5e5f6000 	C:\WINDOWS\System32\USER32.dll
0x00007ffa41f10000 - 0x00007ffa421a3000 	C:\WINDOWS\WinSxS\amd64_microsoft.windows.common-controls_6595b64144ccf1df_6.0.26100.7705_none_3e06597ae3363b04\COMCTL32.dll
0x00007ffa5c3e0000 - 0x00007ffa5c407000 	C:\WINDOWS\System32\win32u.dll
0x00007ffa5e690000 - 0x00007ffa5e739000 	C:\WINDOWS\System32\msvcrt.dll
0x00007ffa5f610000 - 0x00007ffa5f63b000 	C:\WINDOWS\System32\GDI32.dll
0x00007ffa5bfc0000 - 0x00007ffa5c0eb000 	C:\WINDOWS\System32\gdi32full.dll
0x00007ffa5c270000 - 0x00007ffa5c313000 	C:\WINDOWS\System32\msvcp_win.dll
0x00007ffa5d8f0000 - 0x00007ffa5d921000 	C:\WINDOWS\System32\IMM32.DLL
0x00007ffa55560000 - 0x00007ffa5556c000 	c:\Users\user\.antigravity\extensions\redhat.java-1.52.0-win32-x64\jre\21.0.9-win32-x86_64\bin\vcruntime140_1.dll
0x00007ffa0d220000 - 0x00007ffa0d2ad000 	c:\Users\user\.antigravity\extensions\redhat.java-1.52.0-win32-x64\jre\21.0.9-win32-x86_64\bin\msvcp140.dll
0x00007ff9c55e0000 - 0x00007ff9c6380000 	c:\Users\user\.antigravity\extensions\redhat.java-1.52.0-win32-x64\jre\21.0.9-win32-x86_64\bin\server\jvm.dll
0x00007ffa5d500000 - 0x00007ffa5d5b4000 	C:\WINDOWS\System32\ADVAPI32.dll
0x00007ffa5f3b0000 - 0x00007ffa5f456000 	C:\WINDOWS\System32\sechost.dll
0x00007ffa5ec20000 - 0x00007ffa5ed38000 	C:\WINDOWS\System32\RPCRT4.dll
0x00007ffa5f460000 - 0x00007ffa5f4d4000 	C:\WINDOWS\System32\WS2_32.dll
0x00007ffa5be20000 - 0x00007ffa5be7e000 	C:\WINDOWS\SYSTEM32\POWRPROF.dll
0x00007ffa518a0000 - 0x00007ffa518d5000 	C:\WINDOWS\SYSTEM32\WINMM.dll
0x00007ffa536f0000 - 0x00007ffa536fb000 	C:\WINDOWS\SYSTEM32\VERSION.dll
0x00007ffa5be00000 - 0x00007ffa5be14000 	C:\WINDOWS\SYSTEM32\UMPDC.dll
0x00007ffa5ad70000 - 0x00007ffa5ad8b000 	C:\WINDOWS\SYSTEM32\kernel.appcore.dll
0x00007ffa453a0000 - 0x00007ffa453aa000 	c:\Users\user\.antigravity\extensions\redhat.java-1.52.0-win32-x64\jre\21.0.9-win32-x86_64\bin\jimage.dll
0x00007ffa52370000 - 0x00007ffa525b2000 	C:\WINDOWS\SYSTEM32\DBGHELP.DLL
0x00007ffa5e880000 - 0x00007ffa5ec06000 	C:\WINDOWS\System32\combase.dll
0x00007ffa5e350000 - 0x00007ffa5e427000 	C:\WINDOWS\System32\OLEAUT32.dll
0x00007ffa40fe0000 - 0x00007ffa4101b000 	C:\WINDOWS\SYSTEM32\dbgcore.DLL
0x00007ffa5c960000 - 0x00007ffa5ca05000 	C:\WINDOWS\System32\bcryptPrimitives.dll
0x00007ffa45390000 - 0x00007ffa4539f000 	c:\Users\user\.antigravity\extensions\redhat.java-1.52.0-win32-x64\jre\21.0.9-win32-x86_64\bin\instrument.dll
0x00007ffa1b000000 - 0x00007ffa1b020000 	c:\Users\user\.antigravity\extensions\redhat.java-1.52.0-win32-x64\jre\21.0.9-win32-x86_64\bin\java.dll
0x00007ffa5dbf0000 - 0x00007ffa5e341000 	C:\WINDOWS\System32\SHELL32.dll
0x00007ffa5d310000 - 0x00007ffa5d47a000 	C:\WINDOWS\System32\wintypes.dll
0x00007ffa5caa0000 - 0x00007ffa5d302000 	C:\WINDOWS\System32\windows.storage.dll
0x00007ffa5d5c0000 - 0x00007ffa5d6b6000 	C:\WINDOWS\System32\SHCORE.dll
0x00007ffa5e740000 - 0x00007ffa5e7a7000 	C:\WINDOWS\System32\shlwapi.dll
0x00007ffa5bee0000 - 0x00007ffa5bf09000 	C:\WINDOWS\SYSTEM32\profapi.dll
0x00007ffa18480000 - 0x00007ffa18498000 	c:\Users\user\.antigravity\extensions\redhat.java-1.52.0-win32-x64\jre\21.0.9-win32-x86_64\bin\zip.dll
0x00007ffa44670000 - 0x00007ffa44680000 	C:\Users\user\.antigravity\extensions\redhat.java-1.52.0-win32-x64\jre\21.0.9-win32-x86_64\bin\net.dll
0x00007ffa55280000 - 0x00007ffa553a7000 	C:\WINDOWS\SYSTEM32\WINHTTP.dll
0x00007ffa5b2e0000 - 0x00007ffa5b34b000 	C:\WINDOWS\system32\mswsock.dll
0x00007ffa18460000 - 0x00007ffa18476000 	C:\Users\user\.antigravity\extensions\redhat.java-1.52.0-win32-x64\jre\21.0.9-win32-x86_64\bin\nio.dll
0x00007ffa27c90000 - 0x00007ffa27ca0000 	c:\Users\user\.antigravity\extensions\redhat.java-1.52.0-win32-x64\jre\21.0.9-win32-x86_64\bin\verify.dll
0x00007ffa079a0000 - 0x00007ffa079e5000 	C:\Users\user\AppData\Roaming\Antigravity\User\globalStorage\redhat.java\1.52.0\config_ss_win\org.eclipse.equinox.launcher\org.eclipse.equinox.launcher.win32.win32.x86_64_1.2.1500.v20260121-1430\eclipse_11919.dll
0x00007ffa5f200000 - 0x00007ffa5f397000 	C:\WINDOWS\System32\ole32.dll

JVMTI agents:
c:\Users\user\.antigravity\extensions\redhat.java-1.52.0-win32-x64\lombok\lombok-1.18.39-4050.jar path:c:\Users\user\.antigravity\extensions\redhat.java-1.52.0-win32-x64\jre\21.0.9-win32-x86_64\bin\instrument.dll, loaded, initialized, instrumentlib options:none

dbghelp: loaded successfully - version: 4.0.5 - missing functions: none
symbol engine: initialized successfully - sym options: 0x614 - pdb path: .;c:\Users\user\.antigravity\extensions\redhat.java-1.52.0-win32-x64\jre\21.0.9-win32-x86_64\bin;C:\WINDOWS\SYSTEM32;C:\WINDOWS\WinSxS\amd64_microsoft.windows.common-controls_6595b64144ccf1df_6.0.26100.7705_none_3e06597ae3363b04;c:\Users\user\.antigravity\extensions\redhat.java-1.52.0-win32-x64\jre\21.0.9-win32-x86_64\bin\server;C:\Users\user\AppData\Roaming\Antigravity\User\globalStorage\redhat.java\1.52.0\config_ss_win\org.eclipse.equinox.launcher\org.eclipse.equinox.launcher.win32.win32.x86_64_1.2.1500.v20260121-1430

VM Arguments:
jvm_args: --add-modules=ALL-SYSTEM --add-opens=java.base/java.util=ALL-UNNAMED --add-opens=java.base/java.lang=ALL-UNNAMED --add-opens=java.base/sun.nio.fs=ALL-UNNAMED -Declipse.application=org.eclipse.jdt.ls.core.id1 -Dosgi.bundles.defaultStartLevel=4 -Declipse.product=org.eclipse.jdt.ls.core.product -Djava.import.generatesMetadataFilesAtProjectRoot=false -DDetectVMInstallationsJob.disabled=true -Dfile.encoding=utf8 -XX:+UseParallelGC -XX:GCTimeRatio=4 -XX:AdaptiveSizePolicyWeight=90 -Dsun.zip.disableMemoryMapping=true -Xmx2G -Xms100m -Xlog:disable -javaagent:c:\Users\user\.antigravity\extensions\redhat.java-1.52.0-win32-x64\lombok\lombok-1.18.39-4050.jar 
java_command: c:\Users\user\.antigravity\extensions\redhat.java-1.52.0-win32-x64\server\plugins\org.eclipse.equinox.launcher_1.7.100.v20251111-0406.jar -configuration c:\Users\user\AppData\Roaming\Antigravity\User\globalStorage\redhat.java\1.52.0\config_ss_win -data c:\Users\user\AppData\Roaming\Antigravity\User\workspaceStorage\44549bd4ba4e34ee745682b55d69fb08\redhat.java\ss_ws --pipe=\\.\pipe\lsp-03a611a34789feb9cd40e68a981dc690-sock
java_class_path (initial): c:\Users\user\.antigravity\extensions\redhat.java-1.52.0-win32-x64\server\plugins\org.eclipse.equinox.launcher_1.7.100.v20251111-0406.jar
Launcher Type: SUN_STANDARD

[Global flags]
    uintx AdaptiveSizePolicyWeight                 = 90                                        {product} {command line}
     intx CICompilerCount                          = 4                                         {product} {ergonomic}
    uintx GCTimeRatio                              = 4                                         {product} {command line}
   size_t InitialHeapSize                          = 104857600                                 {product} {command line}
   size_t MaxHeapSize                              = 2147483648                                {product} {command line}
   size_t MaxNewSize                               = 715653120                                 {product} {ergonomic}
   size_t MinHeapDeltaBytes                        = 524288                                    {product} {ergonomic}
   size_t MinHeapSize                              = 104857600                                 {product} {command line}
   size_t NewSize                                  = 34603008                                  {product} {ergonomic}
    uintx NonNMethodCodeHeapSize                   = 5839372                                {pd product} {ergonomic}
    uintx NonProfiledCodeHeapSize                  = 122909434                              {pd product} {ergonomic}
   size_t OldSize                                  = 70254592                                  {product} {ergonomic}
    uintx ProfiledCodeHeapSize                     = 122909434                              {pd product} {ergonomic}
    uintx ReservedCodeCacheSize                    = 251658240                              {pd product} {ergonomic}
     bool SegmentedCodeCache                       = true                                      {product} {ergonomic}
   size_t SoftMaxHeapSize                          = 2147483648                             {manageable} {ergonomic}
     bool UseCompressedOops                        = true                           {product lp64_product} {ergonomic}
     bool UseLargePagesIndividualAllocation        = false                                  {pd product} {ergonomic}
     bool UseParallelGC                            = true                                      {product} {command line}

Logging:
Log output configuration:
 #0: stdout all=off uptime,level,tags foldmultilines=false
 #1: stderr all=off uptime,level,tags foldmultilines=false

Release file:
JAVA_VERSION="21.0.9" 
MODULES="java.base java.compiler java.datatransfer java.xml java.prefs java.desktop java.instrument java.logging java.management java.security.sasl java.naming java.rmi java.management.rmi java.net.http java.scripting java.security.jgss java.transaction.xa java.sql java.sql.rowset java.xml.crypto java.se java.smartcardio jdk.accessibility jdk.internal.jvmstat jdk.attach jdk.charsets jdk.internal.opt jdk.zipfs jdk.compiler jdk.crypto.ec jdk.crypto.cryptoki jdk.crypto.mscapi jdk.dynalink jdk.internal.ed jdk.editpad jdk.hotspot.agent jdk.httpserver jdk.internal.le jdk.internal.vm.ci jdk.internal.vm.compiler jdk.internal.vm.compiler.management jdk.jartool jdk.javadoc jdk.jcmd jdk.management jdk.management.agent jdk.jconsole jdk.jdeps jdk.jdwp.agent jdk.jdi jdk.jfr jdk.jshell jdk.jsobject jdk.jstatd jdk.localedata jdk.management.jfr jdk.naming.dns jdk.naming.rmi jdk.net jdk.nio.mapmode jdk.random jdk.sctp jdk.security.auth jdk.security.jgss jdk.unsupported jdk.unsupported.desktop jdk.xml.dom" 

Environment Variables:
JAVA_HOME=C:\Program Files\Java\jdk-21
CLASSPATH=C:\Users\user\Downloads\mysql-connector-j-9.2.0\mysql-connector-j-9.2.0.;
PATH=C:\Program Files\Common Files\Oracle\Java\javapath;C:\Program Files\Java\jdk-21.0.8\bin;C:\windows\system32;C:\windows;C:\windows\System32\Wbem;C:\windows\System32\WindowsPowerShell\v1.0\;C:\windows\System32\OpenSSH\;C:\Program Files (x86)\NVIDIA Corporation\PhysX\Common;C:\WINDOWS\system32;C:\WINDOWS;C:\WINDOWS\System32\Wbem;C:\WINDOWS\System32\WindowsPowerShell\v1.0\;C:\WINDOWS\System32\OpenSSH\;C:\Users\user\Downloads\mysql-9.0.1-winx64.zip\mysql-9.0.1-winx64\bin;C:\Program Files\dotnet\;C:\Program Files\Git\cmd;C:\Program Files\Git\mingw64\bin;C:\Program Files\Git\usr\bin;C:\Program Files\gradle\gradle-8.13-bin\gradle-8.13\bin;C:\Program Files\Arduino PLC IDE Tools\;C:\MinGW\bin;C:\Program Files\apache-maven-3.9.11\bin;C:\Program Files\Microsoft SQL Server\150\Tools\Binn\;C:\Program Files\Microsoft SQL Server\Client SDK\ODBC\170\Tools\Binn\;C:\Program Files (x86)\Microsoft SQL Server\150\Tools\Binn\;C:\Program Files\Microsoft SQL Server\150\DTS\Binn\;C:\Program Files (x86)\Windows Kits\10\Windows Performance Toolkit\;C:\Program Files\nodejs\;C:\Users\user\AppData\Local\Programs\Python\Python314\Scripts\;C:\Users\user\AppData\Local\Programs\Python\Python314\;C:\Program Files\MySQL\MySQL Shell 8.0\bin\;C:\Users\user\AppData\Local\Microsoft\WindowsApps;C:\Users\user\AppData\Local\Programs\Microsoft VS Code\bin;C:\Users\user\.dotnet\tools;C:\Program Files\JetBrains\IntelliJ IDEA Community Edition 2024.3.5\bin;;C:\Program Files\MySQL\MySQL Workbench 8.0 CE\MySQLWorkbench.exe.config;C:\Program Files\MySQL\MySQL Server 8.0\bin;C:\Users\user\AppData\Roaming\npm;C:\Users\user\AppData\Local\Programs\Antigravity\bin
USERNAME=user
OS=Windows_NT
PROCESSOR_IDENTIFIER=AMD64 Family 25 Model 80 Stepping 0, AuthenticAMD
TMP=C:\Users\user\AppData\Local\Temp
TEMP=C:\Users\user\AppData\Local\Temp




Periodic native trim disabled

---------------  S Y S T E M  ---------------

OS:
 Windows 11 , 64 bit Build 26100 (10.0.26100.7705)
OS uptime: 3 days 23:26 hours
Hyper-V role detected

CPU: total 12 (initial active 12) (12 cores per cpu, 2 threads per core) family 25 model 80 stepping 0 microcode 0xa50000f, cx8, cmov, fxsr, ht, mmx, 3dnowpref, sse, sse2, sse3, ssse3, sse4a, sse4.1, sse4.2, popcnt, lzcnt, tsc, tscinvbit, avx, avx2, aes, erms, clmul, bmi1, bmi2, adx, sha, fma, vzeroupper, clflush, clflushopt, hv, rdtscp, rdpid, fsrm, f16c, cet_ss
Processor Information for the first 12 processors :
  Max Mhz: 3301, Current Mhz: 3301, Mhz Limit: 3301

Memory: 4k page, system-wide physical 15710M (667M free)
TotalPageFile size 27149M (AvailPageFile size 0M)
current process WorkingSet (physical memory assigned to process): 110M, peak: 110M
current process commit charge ("private bytes"): 258M, peak: 258M

vm_info: OpenJDK 64-Bit Server VM (21.0.9+10-LTS) for windows-amd64 JRE (21.0.9+10-LTS), built on 2025-10-21T00:00:00Z by "admin" with unknown MS VC++:1942

END.
