#
# There is insufficient memory for the Java Runtime Environment to continue.
# Native memory allocation (malloc) failed to allocate 123568 bytes for Chunk::new
# Possible reasons:
#   The system is out of physical RAM or swap space
#   The process is running with CompressedOops enabled, and the Java Heap may be blocking the growth of the native heap
# Possible solutions:
#   Reduce memory load on the system
#   Increase physical memory or swap space
#   Check if swap backing store is full
#   Decrease Java heap size (-Xmx/-Xms)
#   Decrease number of Java threads
#   Decrease Java thread stack sizes (-Xss)
#   Set larger code cache with -XX:ReservedCodeCacheSize=
#   JVM is running with Zero Based Compressed Oops mode in which the Java heap is
#     placed in the first 32GB address space. The Java Heap base address is the
#     maximum limit for the native heap growth. Please use -XX:HeapBaseMinAddress
#     to set the Java Heap base and to place the Java Heap above 32GB virtual address.
# This output file may be truncated or incomplete.
#
#  Out of Memory Error (arena.cpp:168), pid=18176, tid=5900
#
# JRE version: Java(TM) SE Runtime Environment (21.0.8+12) (build 21.0.8+12-LTS-250)
# Java VM: Java HotSpot(TM) 64-Bit Server VM (21.0.8+12-LTS-250, mixed mode, sharing, tiered, compressed oops, compressed class ptrs, g1 gc, windows-amd64)
# No core dump will be written. Minidumps are not enabled by default on client versions of Windows
#

---------------  S U M M A R Y ------------

Command Line: --enable-native-access=ALL-UNNAMED -Dclassworlds.conf=C:\Program Files\apache-maven-3.9.11\bin\m2.conf -Dmaven.home=C:\Program Files\apache-maven-3.9.11 -Dlibrary.jansi.path=C:\Program Files\apache-maven-3.9.11\lib\jansi-native -Dmaven.multiModuleProjectDirectory=F:\Project\MicroLift\backend\donation-service org.codehaus.plexus.classworlds.launcher.Launcher spring-boot:run

Host: AMD Ryzen 5 5600H with Radeon Graphics         , 12 cores, 15G,  Windows 11 , 64 bit Build 26100 (10.0.26100.7705)
Time: Tue Feb  3 19:06:50 2026 India Standard Time elapsed time: 0.449696 seconds (0d 0h 0m 0s)

---------------  T H R E A D  ---------------

Current thread (0x000001effeac5620):  JavaThread "C2 CompilerThread0" daemon [_thread_in_native, id=5900, stack(0x000000dc86100000,0x000000dc86200000) (1024K)]


Current CompileTask:
C2:    449  770       4       java.util.regex.Matcher::search (154 bytes)

Stack: [0x000000dc86100000,0x000000dc86200000]
Native frames: (J=compiled Java code, j=interpreted, Vv=VM code, C=native code)
V  [jvm.dll+0x6cc179]
V  [jvm.dll+0x8584c1]
V  [jvm.dll+0x85a9ee]
V  [jvm.dll+0x85b0c3]
V  [jvm.dll+0x27ebf6]
V  [jvm.dll+0xc4f4d]
V  [jvm.dll+0xc5483]
V  [jvm.dll+0x3b6abc]
V  [jvm.dll+0x382a35]
V  [jvm.dll+0x381eaa]
V  [jvm.dll+0x247670]
V  [jvm.dll+0x246c4f]
V  [jvm.dll+0x1c7a3e]
V  [jvm.dll+0x256359]
V  [jvm.dll+0x2548ea]
V  [jvm.dll+0x3efef6]
V  [jvm.dll+0x80279b]
V  [jvm.dll+0x6ca85d]
C  [ucrtbase.dll+0x37b0]
C  [KERNEL32.DLL+0x2e8d7]
C  [ntdll.dll+0x8c40c]


---------------  P R O C E S S  ---------------

Threads class SMR info:
_java_thread_list=0x000001ef9d3be050, length=11, elements={
0x000001effd12f120, 0x000001effeaaeae0, 0x000001effeaaf6e0, 0x000001effeab2e90,
0x000001effeab3b40, 0x000001effeabcd90, 0x000001effeabe680, 0x000001effeac5620,
0x000001effeac8380, 0x000001effeabed10, 0x000001effeabf3a0
}

Java Threads: ( => current thread )
  0x000001effd12f120 JavaThread "main"                              [_thread_in_vm, id=17588, stack(0x000000dc85300000,0x000000dc85400000) (1024K)]
  0x000001effeaaeae0 JavaThread "Reference Handler"          daemon [_thread_blocked, id=22372, stack(0x000000dc85b00000,0x000000dc85c00000) (1024K)]
  0x000001effeaaf6e0 JavaThread "Finalizer"                  daemon [_thread_blocked, id=16412, stack(0x000000dc85c00000,0x000000dc85d00000) (1024K)]
  0x000001effeab2e90 JavaThread "Signal Dispatcher"          daemon [_thread_blocked, id=7016, stack(0x000000dc85d00000,0x000000dc85e00000) (1024K)]
  0x000001effeab3b40 JavaThread "Attach Listener"            daemon [_thread_blocked, id=2748, stack(0x000000dc85e00000,0x000000dc85f00000) (1024K)]
  0x000001effeabcd90 JavaThread "Service Thread"             daemon [_thread_blocked, id=14224, stack(0x000000dc85f00000,0x000000dc86000000) (1024K)]
  0x000001effeabe680 JavaThread "Monitor Deflation Thread"   daemon [_thread_blocked, id=9116, stack(0x000000dc86000000,0x000000dc86100000) (1024K)]
=>0x000001effeac5620 JavaThread "C2 CompilerThread0"         daemon [_thread_in_native, id=5900, stack(0x000000dc86100000,0x000000dc86200000) (1024K)]
  0x000001effeac8380 JavaThread "C1 CompilerThread0"         daemon [_thread_in_native, id=4132, stack(0x000000dc86200000,0x000000dc86300000) (1024K)]
  0x000001effeabed10 JavaThread "Notification Thread"        daemon [_thread_blocked, id=28944, stack(0x000000dc86300000,0x000000dc86400000) (1024K)]
  0x000001effeabf3a0 JavaThread "Common-Cleaner"             daemon [_thread_blocked, id=20408, stack(0x000000dc86400000,0x000000dc86500000) (1024K)]
Total: 11

Other Threads:
  0x000001effea890f0 VMThread "VM Thread"                           [id=12396, stack(0x000000dc85a00000,0x000000dc85b00000) (1024K)]
  0x000001effea74bd0 WatcherThread "VM Periodic Task Thread"        [id=26720, stack(0x000000dc85900000,0x000000dc85a00000) (1024K)]
  0x000001effd18b820 WorkerThread "GC Thread#0"                     [id=1388, stack(0x000000dc85400000,0x000000dc85500000) (1024K)]
  0x000001effd19bd80 ConcurrentGCThread "G1 Main Marker"            [id=19352, stack(0x000000dc85500000,0x000000dc85600000) (1024K)]
  0x000001effd1a0a20 WorkerThread "G1 Conc#0"                       [id=18548, stack(0x000000dc85600000,0x000000dc85700000) (1024K)]
  0x000001effe945640 ConcurrentGCThread "G1 Refine#0"               [id=17748, stack(0x000000dc85700000,0x000000dc85800000) (1024K)]
  0x000001effe946e70 ConcurrentGCThread "G1 Service"                [id=18000, stack(0x000000dc85800000,0x000000dc85900000) (1024K)]
Total: 7

Threads with active compile tasks:
C2 CompilerThread0      486  770       4       java.util.regex.Matcher::search (154 bytes)
C1 CompilerThread0      487  785       3       java.net.URLStreamHandler::parseURL (1124 bytes)
Total: 2

VM state: not at safepoint (normal execution)

VM Mutex/Monitor currently owned by a thread: None

Heap address: 0x000000070a800000, size: 3928 MB, Compressed Oops mode: Zero based, Oop shift amount: 3

CDS archive(s) mapped at: [0x000001ef9e000000-0x000001ef9ec90000-0x000001ef9ec90000), size 13172736, SharedBaseAddress: 0x000001ef9e000000, ArchiveRelocationMode: 1.
Compressed class space mapped at: 0x000001ef9f000000-0x000001efdf000000, reserved size: 1073741824
Narrow klass base: 0x000001ef9e000000, Narrow klass shift: 0, Narrow klass range: 0x100000000

GC Precious Log:
 CardTable entry size: 512
 Card Set container configuration: InlinePtr #cards 4 size 8 Array Of Cards #cards 16 size 48 Howl #buckets 8 coarsen threshold 3686 Howl Bitmap #cards 512 size 80 coarsen threshold 460 Card regions per heap region 1 cards per card region 4096
 CPUs: 12 total, 12 available
 Memory: 15710M
 Large Page Support: Disabled
 NUMA Support: Disabled
 Compressed Oops: Enabled (Zero based)
 Heap Region Size: 2M
 Heap Min Capacity: 8M
 Heap Initial Capacity: 246M
 Heap Max Capacity: 3928M
 Pre-touch: Disabled
 Parallel Workers: 10
 Concurrent Workers: 3
 Concurrent Refinement Workers: 10
 Periodic GC: Disabled

Heap:
 garbage-first heap   total 251904K, used 10240K [0x000000070a800000, 0x0000000800000000)
  region size 2048K, 6 young (12288K), 0 survivors (0K)
 Metaspace       used 2975K, committed 3136K, reserved 1114112K
  class space    used 300K, committed 320K, reserved 1048576K

Heap Regions: E=young(eden), S=young(survivor), O=old, HS=humongous(starts), HC=humongous(continues), CS=collection set, F=free, TAMS=top-at-mark-start, PB=parsable bottom
|   0|0x000000070a800000, 0x000000070a800000, 0x000000070aa00000|  0%| F|  |TAMS 0x000000070a800000| PB 0x000000070a800000| Untracked 
|   1|0x000000070aa00000, 0x000000070aa00000, 0x000000070ac00000|  0%| F|  |TAMS 0x000000070aa00000| PB 0x000000070aa00000| Untracked 
|   2|0x000000070ac00000, 0x000000070ac00000, 0x000000070ae00000|  0%| F|  |TAMS 0x000000070ac00000| PB 0x000000070ac00000| Untracked 
|   3|0x000000070ae00000, 0x000000070ae00000, 0x000000070b000000|  0%| F|  |TAMS 0x000000070ae00000| PB 0x000000070ae00000| Untracked 
|   4|0x000000070b000000, 0x000000070b000000, 0x000000070b200000|  0%| F|  |TAMS 0x000000070b000000| PB 0x000000070b000000| Untracked 
|   5|0x000000070b200000, 0x000000070b200000, 0x000000070b400000|  0%| F|  |TAMS 0x000000070b200000| PB 0x000000070b200000| Untracked 
|   6|0x000000070b400000, 0x000000070b400000, 0x000000070b600000|  0%| F|  |TAMS 0x000000070b400000| PB 0x000000070b400000| Untracked 
|   7|0x000000070b600000, 0x000000070b600000, 0x000000070b800000|  0%| F|  |TAMS 0x000000070b600000| PB 0x000000070b600000| Untracked 
|   8|0x000000070b800000, 0x000000070b800000, 0x000000070ba00000|  0%| F|  |TAMS 0x000000070b800000| PB 0x000000070b800000| Untracked 
|   9|0x000000070ba00000, 0x000000070ba00000, 0x000000070bc00000|  0%| F|  |TAMS 0x000000070ba00000| PB 0x000000070ba00000| Untracked 
|  10|0x000000070bc00000, 0x000000070bc00000, 0x000000070be00000|  0%| F|  |TAMS 0x000000070bc00000| PB 0x000000070bc00000| Untracked 
|  11|0x000000070be00000, 0x000000070be00000, 0x000000070c000000|  0%| F|  |TAMS 0x000000070be00000| PB 0x000000070be00000| Untracked 
|  12|0x000000070c000000, 0x000000070c000000, 0x000000070c200000|  0%| F|  |TAMS 0x000000070c000000| PB 0x000000070c000000| Untracked 
|  13|0x000000070c200000, 0x000000070c200000, 0x000000070c400000|  0%| F|  |TAMS 0x000000070c200000| PB 0x000000070c200000| Untracked 
|  14|0x000000070c400000, 0x000000070c400000, 0x000000070c600000|  0%| F|  |TAMS 0x000000070c400000| PB 0x000000070c400000| Untracked 
|  15|0x000000070c600000, 0x000000070c600000, 0x000000070c800000|  0%| F|  |TAMS 0x000000070c600000| PB 0x000000070c600000| Untracked 
|  16|0x000000070c800000, 0x000000070c800000, 0x000000070ca00000|  0%| F|  |TAMS 0x000000070c800000| PB 0x000000070c800000| Untracked 
|  17|0x000000070ca00000, 0x000000070ca00000, 0x000000070cc00000|  0%| F|  |TAMS 0x000000070ca00000| PB 0x000000070ca00000| Untracked 
|  18|0x000000070cc00000, 0x000000070cc00000, 0x000000070ce00000|  0%| F|  |TAMS 0x000000070cc00000| PB 0x000000070cc00000| Untracked 
|  19|0x000000070ce00000, 0x000000070ce00000, 0x000000070d000000|  0%| F|  |TAMS 0x000000070ce00000| PB 0x000000070ce00000| Untracked 
|  20|0x000000070d000000, 0x000000070d000000, 0x000000070d200000|  0%| F|  |TAMS 0x000000070d000000| PB 0x000000070d000000| Untracked 
|  21|0x000000070d200000, 0x000000070d200000, 0x000000070d400000|  0%| F|  |TAMS 0x000000070d200000| PB 0x000000070d200000| Untracked 
|  22|0x000000070d400000, 0x000000070d400000, 0x000000070d600000|  0%| F|  |TAMS 0x000000070d400000| PB 0x000000070d400000| Untracked 
|  23|0x000000070d600000, 0x000000070d600000, 0x000000070d800000|  0%| F|  |TAMS 0x000000070d600000| PB 0x000000070d600000| Untracked 
|  24|0x000000070d800000, 0x000000070d800000, 0x000000070da00000|  0%| F|  |TAMS 0x000000070d800000| PB 0x000000070d800000| Untracked 
|  25|0x000000070da00000, 0x000000070da00000, 0x000000070dc00000|  0%| F|  |TAMS 0x000000070da00000| PB 0x000000070da00000| Untracked 
|  26|0x000000070dc00000, 0x000000070dc00000, 0x000000070de00000|  0%| F|  |TAMS 0x000000070dc00000| PB 0x000000070dc00000| Untracked 
|  27|0x000000070de00000, 0x000000070de00000, 0x000000070e000000|  0%| F|  |TAMS 0x000000070de00000| PB 0x000000070de00000| Untracked 
|  28|0x000000070e000000, 0x000000070e000000, 0x000000070e200000|  0%| F|  |TAMS 0x000000070e000000| PB 0x000000070e000000| Untracked 
|  29|0x000000070e200000, 0x000000070e200000, 0x000000070e400000|  0%| F|  |TAMS 0x000000070e200000| PB 0x000000070e200000| Untracked 
|  30|0x000000070e400000, 0x000000070e400000, 0x000000070e600000|  0%| F|  |TAMS 0x000000070e400000| PB 0x000000070e400000| Untracked 
|  31|0x000000070e600000, 0x000000070e600000, 0x000000070e800000|  0%| F|  |TAMS 0x000000070e600000| PB 0x000000070e600000| Untracked 
|  32|0x000000070e800000, 0x000000070e800000, 0x000000070ea00000|  0%| F|  |TAMS 0x000000070e800000| PB 0x000000070e800000| Untracked 
|  33|0x000000070ea00000, 0x000000070ea00000, 0x000000070ec00000|  0%| F|  |TAMS 0x000000070ea00000| PB 0x000000070ea00000| Untracked 
|  34|0x000000070ec00000, 0x000000070ec00000, 0x000000070ee00000|  0%| F|  |TAMS 0x000000070ec00000| PB 0x000000070ec00000| Untracked 
|  35|0x000000070ee00000, 0x000000070ee00000, 0x000000070f000000|  0%| F|  |TAMS 0x000000070ee00000| PB 0x000000070ee00000| Untracked 
|  36|0x000000070f000000, 0x000000070f000000, 0x000000070f200000|  0%| F|  |TAMS 0x000000070f000000| PB 0x000000070f000000| Untracked 
|  37|0x000000070f200000, 0x000000070f200000, 0x000000070f400000|  0%| F|  |TAMS 0x000000070f200000| PB 0x000000070f200000| Untracked 
|  38|0x000000070f400000, 0x000000070f400000, 0x000000070f600000|  0%| F|  |TAMS 0x000000070f400000| PB 0x000000070f400000| Untracked 
|  39|0x000000070f600000, 0x000000070f600000, 0x000000070f800000|  0%| F|  |TAMS 0x000000070f600000| PB 0x000000070f600000| Untracked 
|  40|0x000000070f800000, 0x000000070f800000, 0x000000070fa00000|  0%| F|  |TAMS 0x000000070f800000| PB 0x000000070f800000| Untracked 
|  41|0x000000070fa00000, 0x000000070fa00000, 0x000000070fc00000|  0%| F|  |TAMS 0x000000070fa00000| PB 0x000000070fa00000| Untracked 
|  42|0x000000070fc00000, 0x000000070fc00000, 0x000000070fe00000|  0%| F|  |TAMS 0x000000070fc00000| PB 0x000000070fc00000| Untracked 
|  43|0x000000070fe00000, 0x000000070fe00000, 0x0000000710000000|  0%| F|  |TAMS 0x000000070fe00000| PB 0x000000070fe00000| Untracked 
|  44|0x0000000710000000, 0x0000000710000000, 0x0000000710200000|  0%| F|  |TAMS 0x0000000710000000| PB 0x0000000710000000| Untracked 
|  45|0x0000000710200000, 0x0000000710200000, 0x0000000710400000|  0%| F|  |TAMS 0x0000000710200000| PB 0x0000000710200000| Untracked 
|  46|0x0000000710400000, 0x0000000710400000, 0x0000000710600000|  0%| F|  |TAMS 0x0000000710400000| PB 0x0000000710400000| Untracked 
|  47|0x0000000710600000, 0x0000000710600000, 0x0000000710800000|  0%| F|  |TAMS 0x0000000710600000| PB 0x0000000710600000| Untracked 
|  48|0x0000000710800000, 0x0000000710800000, 0x0000000710a00000|  0%| F|  |TAMS 0x0000000710800000| PB 0x0000000710800000| Untracked 
|  49|0x0000000710a00000, 0x0000000710a00000, 0x0000000710c00000|  0%| F|  |TAMS 0x0000000710a00000| PB 0x0000000710a00000| Untracked 
|  50|0x0000000710c00000, 0x0000000710c00000, 0x0000000710e00000|  0%| F|  |TAMS 0x0000000710c00000| PB 0x0000000710c00000| Untracked 
|  51|0x0000000710e00000, 0x0000000710e00000, 0x0000000711000000|  0%| F|  |TAMS 0x0000000710e00000| PB 0x0000000710e00000| Untracked 
|  52|0x0000000711000000, 0x0000000711000000, 0x0000000711200000|  0%| F|  |TAMS 0x0000000711000000| PB 0x0000000711000000| Untracked 
|  53|0x0000000711200000, 0x0000000711200000, 0x0000000711400000|  0%| F|  |TAMS 0x0000000711200000| PB 0x0000000711200000| Untracked 
|  54|0x0000000711400000, 0x0000000711400000, 0x0000000711600000|  0%| F|  |TAMS 0x0000000711400000| PB 0x0000000711400000| Untracked 
|  55|0x0000000711600000, 0x0000000711600000, 0x0000000711800000|  0%| F|  |TAMS 0x0000000711600000| PB 0x0000000711600000| Untracked 
|  56|0x0000000711800000, 0x0000000711800000, 0x0000000711a00000|  0%| F|  |TAMS 0x0000000711800000| PB 0x0000000711800000| Untracked 
|  57|0x0000000711a00000, 0x0000000711a00000, 0x0000000711c00000|  0%| F|  |TAMS 0x0000000711a00000| PB 0x0000000711a00000| Untracked 
|  58|0x0000000711c00000, 0x0000000711c00000, 0x0000000711e00000|  0%| F|  |TAMS 0x0000000711c00000| PB 0x0000000711c00000| Untracked 
|  59|0x0000000711e00000, 0x0000000711e00000, 0x0000000712000000|  0%| F|  |TAMS 0x0000000711e00000| PB 0x0000000711e00000| Untracked 
|  60|0x0000000712000000, 0x0000000712000000, 0x0000000712200000|  0%| F|  |TAMS 0x0000000712000000| PB 0x0000000712000000| Untracked 
|  61|0x0000000712200000, 0x0000000712200000, 0x0000000712400000|  0%| F|  |TAMS 0x0000000712200000| PB 0x0000000712200000| Untracked 
|  62|0x0000000712400000, 0x0000000712400000, 0x0000000712600000|  0%| F|  |TAMS 0x0000000712400000| PB 0x0000000712400000| Untracked 
|  63|0x0000000712600000, 0x0000000712600000, 0x0000000712800000|  0%| F|  |TAMS 0x0000000712600000| PB 0x0000000712600000| Untracked 
|  64|0x0000000712800000, 0x0000000712800000, 0x0000000712a00000|  0%| F|  |TAMS 0x0000000712800000| PB 0x0000000712800000| Untracked 
|  65|0x0000000712a00000, 0x0000000712a00000, 0x0000000712c00000|  0%| F|  |TAMS 0x0000000712a00000| PB 0x0000000712a00000| Untracked 
|  66|0x0000000712c00000, 0x0000000712c00000, 0x0000000712e00000|  0%| F|  |TAMS 0x0000000712c00000| PB 0x0000000712c00000| Untracked 
|  67|0x0000000712e00000, 0x0000000712e00000, 0x0000000713000000|  0%| F|  |TAMS 0x0000000712e00000| PB 0x0000000712e00000| Untracked 
|  68|0x0000000713000000, 0x0000000713000000, 0x0000000713200000|  0%| F|  |TAMS 0x0000000713000000| PB 0x0000000713000000| Untracked 
|  69|0x0000000713200000, 0x0000000713200000, 0x0000000713400000|  0%| F|  |TAMS 0x0000000713200000| PB 0x0000000713200000| Untracked 
|  70|0x0000000713400000, 0x0000000713400000, 0x0000000713600000|  0%| F|  |TAMS 0x0000000713400000| PB 0x0000000713400000| Untracked 
|  71|0x0000000713600000, 0x0000000713600000, 0x0000000713800000|  0%| F|  |TAMS 0x0000000713600000| PB 0x0000000713600000| Untracked 
|  72|0x0000000713800000, 0x0000000713800000, 0x0000000713a00000|  0%| F|  |TAMS 0x0000000713800000| PB 0x0000000713800000| Untracked 
|  73|0x0000000713a00000, 0x0000000713a00000, 0x0000000713c00000|  0%| F|  |TAMS 0x0000000713a00000| PB 0x0000000713a00000| Untracked 
|  74|0x0000000713c00000, 0x0000000713c00000, 0x0000000713e00000|  0%| F|  |TAMS 0x0000000713c00000| PB 0x0000000713c00000| Untracked 
|  75|0x0000000713e00000, 0x0000000713e00000, 0x0000000714000000|  0%| F|  |TAMS 0x0000000713e00000| PB 0x0000000713e00000| Untracked 
|  76|0x0000000714000000, 0x0000000714000000, 0x0000000714200000|  0%| F|  |TAMS 0x0000000714000000| PB 0x0000000714000000| Untracked 
|  77|0x0000000714200000, 0x0000000714200000, 0x0000000714400000|  0%| F|  |TAMS 0x0000000714200000| PB 0x0000000714200000| Untracked 
|  78|0x0000000714400000, 0x0000000714400000, 0x0000000714600000|  0%| F|  |TAMS 0x0000000714400000| PB 0x0000000714400000| Untracked 
|  79|0x0000000714600000, 0x0000000714600000, 0x0000000714800000|  0%| F|  |TAMS 0x0000000714600000| PB 0x0000000714600000| Untracked 
|  80|0x0000000714800000, 0x0000000714800000, 0x0000000714a00000|  0%| F|  |TAMS 0x0000000714800000| PB 0x0000000714800000| Untracked 
|  81|0x0000000714a00000, 0x0000000714a00000, 0x0000000714c00000|  0%| F|  |TAMS 0x0000000714a00000| PB 0x0000000714a00000| Untracked 
|  82|0x0000000714c00000, 0x0000000714c00000, 0x0000000714e00000|  0%| F|  |TAMS 0x0000000714c00000| PB 0x0000000714c00000| Untracked 
|  83|0x0000000714e00000, 0x0000000714e00000, 0x0000000715000000|  0%| F|  |TAMS 0x0000000714e00000| PB 0x0000000714e00000| Untracked 
|  84|0x0000000715000000, 0x0000000715000000, 0x0000000715200000|  0%| F|  |TAMS 0x0000000715000000| PB 0x0000000715000000| Untracked 
|  85|0x0000000715200000, 0x0000000715200000, 0x0000000715400000|  0%| F|  |TAMS 0x0000000715200000| PB 0x0000000715200000| Untracked 
|  86|0x0000000715400000, 0x0000000715400000, 0x0000000715600000|  0%| F|  |TAMS 0x0000000715400000| PB 0x0000000715400000| Untracked 
|  87|0x0000000715600000, 0x0000000715600000, 0x0000000715800000|  0%| F|  |TAMS 0x0000000715600000| PB 0x0000000715600000| Untracked 
|  88|0x0000000715800000, 0x0000000715800000, 0x0000000715a00000|  0%| F|  |TAMS 0x0000000715800000| PB 0x0000000715800000| Untracked 
|  89|0x0000000715a00000, 0x0000000715a00000, 0x0000000715c00000|  0%| F|  |TAMS 0x0000000715a00000| PB 0x0000000715a00000| Untracked 
|  90|0x0000000715c00000, 0x0000000715c00000, 0x0000000715e00000|  0%| F|  |TAMS 0x0000000715c00000| PB 0x0000000715c00000| Untracked 
|  91|0x0000000715e00000, 0x0000000715e00000, 0x0000000716000000|  0%| F|  |TAMS 0x0000000715e00000| PB 0x0000000715e00000| Untracked 
|  92|0x0000000716000000, 0x0000000716000000, 0x0000000716200000|  0%| F|  |TAMS 0x0000000716000000| PB 0x0000000716000000| Untracked 
|  93|0x0000000716200000, 0x0000000716200000, 0x0000000716400000|  0%| F|  |TAMS 0x0000000716200000| PB 0x0000000716200000| Untracked 
|  94|0x0000000716400000, 0x0000000716400000, 0x0000000716600000|  0%| F|  |TAMS 0x0000000716400000| PB 0x0000000716400000| Untracked 
|  95|0x0000000716600000, 0x0000000716600000, 0x0000000716800000|  0%| F|  |TAMS 0x0000000716600000| PB 0x0000000716600000| Untracked 
|  96|0x0000000716800000, 0x0000000716800000, 0x0000000716a00000|  0%| F|  |TAMS 0x0000000716800000| PB 0x0000000716800000| Untracked 
|  97|0x0000000716a00000, 0x0000000716a00000, 0x0000000716c00000|  0%| F|  |TAMS 0x0000000716a00000| PB 0x0000000716a00000| Untracked 
|  98|0x0000000716c00000, 0x0000000716c00000, 0x0000000716e00000|  0%| F|  |TAMS 0x0000000716c00000| PB 0x0000000716c00000| Untracked 
|  99|0x0000000716e00000, 0x0000000716e00000, 0x0000000717000000|  0%| F|  |TAMS 0x0000000716e00000| PB 0x0000000716e00000| Untracked 
| 100|0x0000000717000000, 0x0000000717000000, 0x0000000717200000|  0%| F|  |TAMS 0x0000000717000000| PB 0x0000000717000000| Untracked 
| 101|0x0000000717200000, 0x0000000717200000, 0x0000000717400000|  0%| F|  |TAMS 0x0000000717200000| PB 0x0000000717200000| Untracked 
| 102|0x0000000717400000, 0x0000000717400000, 0x0000000717600000|  0%| F|  |TAMS 0x0000000717400000| PB 0x0000000717400000| Untracked 
| 103|0x0000000717600000, 0x0000000717600000, 0x0000000717800000|  0%| F|  |TAMS 0x0000000717600000| PB 0x0000000717600000| Untracked 
| 104|0x0000000717800000, 0x0000000717800000, 0x0000000717a00000|  0%| F|  |TAMS 0x0000000717800000| PB 0x0000000717800000| Untracked 
| 105|0x0000000717a00000, 0x0000000717a00000, 0x0000000717c00000|  0%| F|  |TAMS 0x0000000717a00000| PB 0x0000000717a00000| Untracked 
| 106|0x0000000717c00000, 0x0000000717c00000, 0x0000000717e00000|  0%| F|  |TAMS 0x0000000717c00000| PB 0x0000000717c00000| Untracked 
| 107|0x0000000717e00000, 0x0000000717e00000, 0x0000000718000000|  0%| F|  |TAMS 0x0000000717e00000| PB 0x0000000717e00000| Untracked 
| 108|0x0000000718000000, 0x0000000718000000, 0x0000000718200000|  0%| F|  |TAMS 0x0000000718000000| PB 0x0000000718000000| Untracked 
| 109|0x0000000718200000, 0x0000000718200000, 0x0000000718400000|  0%| F|  |TAMS 0x0000000718200000| PB 0x0000000718200000| Untracked 
| 110|0x0000000718400000, 0x0000000718400000, 0x0000000718600000|  0%| F|  |TAMS 0x0000000718400000| PB 0x0000000718400000| Untracked 
| 111|0x0000000718600000, 0x0000000718600000, 0x0000000718800000|  0%| F|  |TAMS 0x0000000718600000| PB 0x0000000718600000| Untracked 
| 112|0x0000000718800000, 0x0000000718800000, 0x0000000718a00000|  0%| F|  |TAMS 0x0000000718800000| PB 0x0000000718800000| Untracked 
| 113|0x0000000718a00000, 0x0000000718a00000, 0x0000000718c00000|  0%| F|  |TAMS 0x0000000718a00000| PB 0x0000000718a00000| Untracked 
| 114|0x0000000718c00000, 0x0000000718c00000, 0x0000000718e00000|  0%| F|  |TAMS 0x0000000718c00000| PB 0x0000000718c00000| Untracked 
| 115|0x0000000718e00000, 0x0000000718e00000, 0x0000000719000000|  0%| F|  |TAMS 0x0000000718e00000| PB 0x0000000718e00000| Untracked 
| 116|0x0000000719000000, 0x0000000719000000, 0x0000000719200000|  0%| F|  |TAMS 0x0000000719000000| PB 0x0000000719000000| Untracked 
| 117|0x0000000719200000, 0x00000007193c35e0, 0x0000000719400000| 88%| E|  |TAMS 0x0000000719200000| PB 0x0000000719200000| Complete 
| 118|0x0000000719400000, 0x0000000719600000, 0x0000000719600000|100%| E|CS|TAMS 0x0000000719400000| PB 0x0000000719400000| Complete 
| 119|0x0000000719600000, 0x0000000719800000, 0x0000000719800000|100%| E|CS|TAMS 0x0000000719600000| PB 0x0000000719600000| Complete 
| 120|0x0000000719800000, 0x0000000719a00000, 0x0000000719a00000|100%| E|CS|TAMS 0x0000000719800000| PB 0x0000000719800000| Complete 
| 121|0x0000000719a00000, 0x0000000719c00000, 0x0000000719c00000|100%| E|CS|TAMS 0x0000000719a00000| PB 0x0000000719a00000| Complete 
| 122|0x0000000719c00000, 0x0000000719e00000, 0x0000000719e00000|100%| E|CS|TAMS 0x0000000719c00000| PB 0x0000000719c00000| Complete 

Card table byte_map: [0x000001effdf00000,0x000001effe6b0000] _byte_map_base: 0x000001effa6ac000

Marking Bits: (CMBitMap*) 0x000001effd18bf20
 Bits: [0x000001ef973d0000, 0x000001ef9b130000)

Polling page: 0x000001effc8f0000

Metaspace:

Usage:
  Non-class:      2.64 MB used.
      Class:    307.45 KB used.
       Both:      2.94 MB used.

Virtual space:
  Non-class space:       64.00 MB reserved,       2.75 MB (  4%) committed,  1 nodes.
      Class space:        1.00 GB reserved,     384.00 KB ( <1%) committed,  1 nodes.
             Both:        1.06 GB reserved,       3.12 MB ( <1%) committed. 

Chunk freelists:
   Non-Class:  10.78 MB
       Class:  15.55 MB
        Both:  26.33 MB

MaxMetaspaceSize: unlimited
CompressedClassSpaceSize: 1.00 GB
Initial GC threshold: 21.00 MB
Current GC threshold: 21.00 MB
CDS: on
 - commit_granule_bytes: 65536.
 - commit_granule_words: 8192.
 - virtual_space_node_default_size: 8388608.
 - enlarge_chunks_in_place: 1.
 - use_allocation_guard: 0.


Internal statistics:

num_allocs_failed_limit: 0.
num_arena_births: 46.
num_arena_deaths: 0.
num_vsnodes_births: 2.
num_vsnodes_deaths: 0.
num_space_committed: 50.
num_space_uncommitted: 0.
num_chunks_returned_to_freelist: 0.
num_chunks_taken_from_freelist: 113.
num_chunk_merges: 0.
num_chunk_splits: 74.
num_chunks_enlarged: 59.
num_inconsistent_stats: 0.

CodeHeap 'non-profiled nmethods': size=120000Kb used=240Kb max_used=240Kb free=119759Kb
 bounds [0x000001ef8fea0000, 0x000001ef90110000, 0x000001ef973d0000]
CodeHeap 'profiled nmethods': size=120000Kb used=1398Kb max_used=1398Kb free=118601Kb
 bounds [0x000001ef883d0000, 0x000001ef88640000, 0x000001ef8f900000]
CodeHeap 'non-nmethods': size=5760Kb used=1340Kb max_used=1345Kb free=4420Kb
 bounds [0x000001ef8f900000, 0x000001ef8fb70000, 0x000001ef8fea0000]
 total_blobs=1229 nmethods=781 adapters=353
 compilation: enabled
              stopped_count=0, restarted_count=0
 full_count=0

Compilation events (20 events):
Event: 0.432 Thread 0x000001effeac8380  763       3       sun.util.locale.LanguageTag::parseRegion (55 bytes)
Event: 0.432 Thread 0x000001effeac8380 nmethod 763 0x000001ef88520d10 code [0x000001ef88520f00, 0x000001ef88521300]
Event: 0.432 Thread 0x000001effeac8380  765       3       sun.util.locale.LanguageTag::parseExtensions (208 bytes)
Event: 0.433 Thread 0x000001effeac8380 nmethod 765 0x000001ef88521490 code [0x000001ef88521860, 0x000001ef88522fc0]
Event: 0.433 Thread 0x000001effeac8380  766       3       sun.util.locale.provider.LocaleProviderAdapter::lambda$toLocaleArray$0 (135 bytes)
Event: 0.434 Thread 0x000001effeac8380 nmethod 766 0x000001ef88523890 code [0x000001ef88523ac0, 0x000001ef885241b8]
Event: 0.434 Thread 0x000001effeac8380  767       3       java.util.stream.Nodes$FixedNodeBuilder::accept (61 bytes)
Event: 0.434 Thread 0x000001effeac8380 nmethod 767 0x000001ef88524390 code [0x000001ef885245e0, 0x000001ef88524ff0]
Event: 0.434 Thread 0x000001effeac8380  750       3       sun.util.locale.LocaleObjectCache::normalizeKey (2 bytes)
Event: 0.434 Thread 0x000001effeac8380 nmethod 750 0x000001ef88525390 code [0x000001ef88525520, 0x000001ef88525630]
Event: 0.435 Thread 0x000001effeac8380  771       3       java.lang.invoke.LambdaForm::uncustomize (57 bytes)
Event: 0.435 Thread 0x000001effeac8380 nmethod 771 0x000001ef88525690 code [0x000001ef88525860, 0x000001ef88525b80]
Event: 0.436 Thread 0x000001effeac8380  772       3       sun.invoke.util.Wrapper::forPrimitiveType (122 bytes)
Event: 0.437 Thread 0x000001effeac8380 nmethod 772 0x000001ef88525c90 code [0x000001ef88525f60, 0x000001ef88526a80]
Event: 0.437 Thread 0x000001effeac8380  773   !   3       java.lang.invoke.MemberName$Factory::resolve (159 bytes)
Event: 0.438 Thread 0x000001effeac8380 nmethod 773 0x000001ef88526d90 code [0x000001ef88526fc0, 0x000001ef885276c0]
Event: 0.438 Thread 0x000001effeac8380  776       3       java.lang.invoke.MethodType::genericMethodType (95 bytes)
Event: 0.438 Thread 0x000001effeac8380 nmethod 776 0x000001ef88527990 code [0x000001ef88527c40, 0x000001ef88528928]
Event: 0.438 Thread 0x000001effeac8380  777       3       java.lang.invoke.MethodHandle::<init> (37 bytes)
Event: 0.439 Thread 0x000001effeac8380 nmethod 777 0x000001ef88528d10 code [0x000001ef88528f20, 0x000001ef885294b0]

GC Heap History (0 events):
No events

Dll operation events (8 events):
Event: 0.007 Loaded shared library C:\Program Files\Java\jdk-21\bin\java.dll
Event: 0.041 Loaded shared library C:\Program Files\Java\jdk-21\bin\jsvml.dll
Event: 0.061 Loaded shared library C:\Program Files\Java\jdk-21\bin\net.dll
Event: 0.063 Loaded shared library C:\Program Files\Java\jdk-21\bin\nio.dll
Event: 0.067 Loaded shared library C:\Program Files\Java\jdk-21\bin\zip.dll
Event: 0.229 Loaded shared library C:\Program Files\Java\jdk-21\bin\jimage.dll
Event: 0.230 Loaded shared library C:\Program Files\apache-maven-3.9.11\lib\jansi-native\Windows\x86_64\jansi.dll
Event: 0.248 Loaded shared library C:\Program Files\Java\jdk-21\bin\verify.dll

Deoptimization events (20 events):
Event: 0.171 Thread 0x000001effd12f120 DEOPT PACKING pc=0x000001ef8841e855 sp=0x000000dc853fa1f0
Event: 0.171 Thread 0x000001effd12f120 DEOPT UNPACKING pc=0x000001ef8f954e42 sp=0x000000dc853f9660 mode 0
Event: 0.198 Thread 0x000001effd12f120 Uncommon trap: trap_request=0xffffff45 fr.pc=0x000001ef8feb6a90 relative=0x0000000000000070
Event: 0.198 Thread 0x000001effd12f120 Uncommon trap: reason=unstable_if action=reinterpret pc=0x000001ef8feb6a90 method=java.io.WinNTFileSystem.isSlash(C)Z @ 9 c2
Event: 0.198 Thread 0x000001effd12f120 DEOPT PACKING pc=0x000001ef8feb6a90 sp=0x000000dc853fe4c0
Event: 0.198 Thread 0x000001effd12f120 DEOPT UNPACKING pc=0x000001ef8f9546a2 sp=0x000000dc853fe448 mode 2
Event: 0.214 Thread 0x000001effd12f120 DEOPT PACKING pc=0x000001ef8841e855 sp=0x000000dc853fc9b0
Event: 0.214 Thread 0x000001effd12f120 DEOPT UNPACKING pc=0x000001ef8f954e42 sp=0x000000dc853fbe20 mode 0
Event: 0.429 Thread 0x000001effd12f120 Uncommon trap: trap_request=0xffffff45 fr.pc=0x000001ef8fed9eac relative=0x000000000000076c
Event: 0.429 Thread 0x000001effd12f120 Uncommon trap: reason=unstable_if action=reinterpret pc=0x000001ef8fed9eac method=java.util.regex.Matcher.search(I)Z @ 30 c2
Event: 0.429 Thread 0x000001effd12f120 DEOPT PACKING pc=0x000001ef8fed9eac sp=0x000000dc853fdac0
Event: 0.429 Thread 0x000001effd12f120 DEOPT UNPACKING pc=0x000001ef8f9546a2 sp=0x000000dc853fdaa0 mode 2
Event: 0.434 Thread 0x000001effd12f120 Uncommon trap: trap_request=0xffffff45 fr.pc=0x000001ef8feb1fc0 relative=0x00000000000004e0
Event: 0.434 Thread 0x000001effd12f120 Uncommon trap: reason=unstable_if action=reinterpret pc=0x000001ef8feb1fc0 method=java.lang.StringLatin1.canEncode(I)Z @ 4 c2
Event: 0.434 Thread 0x000001effd12f120 DEOPT PACKING pc=0x000001ef8feb1fc0 sp=0x000000dc853fe0f0
Event: 0.434 Thread 0x000001effd12f120 DEOPT UNPACKING pc=0x000001ef8f9546a2 sp=0x000000dc853fe028 mode 2
Event: 0.434 Thread 0x000001effd12f120 Uncommon trap: trap_request=0xffffff45 fr.pc=0x000001ef8feb30a4 relative=0x00000000000004c4
Event: 0.434 Thread 0x000001effd12f120 Uncommon trap: reason=unstable_if action=reinterpret pc=0x000001ef8feb30a4 method=java.lang.AbstractStringBuilder.isLatin1()Z @ 10 c2
Event: 0.434 Thread 0x000001effd12f120 DEOPT PACKING pc=0x000001ef8feb30a4 sp=0x000000dc853fe110
Event: 0.434 Thread 0x000001effd12f120 DEOPT UNPACKING pc=0x000001ef8f9546a2 sp=0x000000dc853fe0a0 mode 2

Classes loaded (20 events):
Event: 0.370 Loading class java/util/concurrent/locks/ReentrantReadWriteLock$Sync done
Event: 0.370 Loading class java/util/concurrent/locks/ReentrantReadWriteLock$NonfairSync done
Event: 0.370 Loading class java/util/concurrent/locks/ReentrantReadWriteLock$Sync$ThreadLocalHoldCounter
Event: 0.370 Loading class java/util/concurrent/locks/ReentrantReadWriteLock$Sync$ThreadLocalHoldCounter done
Event: 0.370 Loading class java/util/concurrent/locks/ReentrantReadWriteLock$ReadLock
Event: 0.370 Loading class java/util/concurrent/locks/ReentrantReadWriteLock$ReadLock done
Event: 0.370 Loading class java/util/concurrent/locks/ReentrantReadWriteLock$WriteLock
Event: 0.370 Loading class java/util/concurrent/locks/ReentrantReadWriteLock$WriteLock done
Event: 0.375 Loading class java/text/ParseException
Event: 0.375 Loading class java/text/ParseException done
Event: 0.389 Loading class sun/util/calendar/ZoneInfoFile$Checksum
Event: 0.389 Loading class sun/util/calendar/ZoneInfoFile$Checksum done
Event: 0.392 Loading class jdk/internal/module/ModulePatcher$PatchedModuleReader
Event: 0.392 Loading class jdk/internal/module/ModulePatcher$PatchedModuleReader done
Event: 0.392 Loading class sun/net/www/protocol/jrt/Handler
Event: 0.392 Loading class sun/net/www/protocol/jrt/Handler done
Event: 0.432 Loading class sun/text/resources/cldr/FormatData_en
Event: 0.432 Loading class sun/text/resources/cldr/FormatData_en done
Event: 0.432 Loading class sun/text/resources/cldr/FormatData_en_US
Event: 0.432 Loading class sun/text/resources/cldr/FormatData_en_US done

Classes unloaded (0 events):
No events

Classes redefined (0 events):
No events

Internal exceptions (20 events):
Event: 0.224 Thread 0x000001effd12f120 Exception <a 'java/lang/NullPointerException'{0x00000007199985a8}> (0x00000007199985a8) 
thrown [s\open\src\hotspot\share\interpreter\linkResolver.cpp, line 1372]
Event: 0.233 Thread 0x000001effd12f120 Exception <a 'java/lang/NoSuchMethodError'{0x00000007199bf868}: 'void java.lang.invoke.DirectMethodHandle$Holder.invokeStatic(java.lang.Object, long, java.lang.Object)'> (0x00000007199bf868) 
thrown [s\open\src\hotspot\share\interpreter\linkResolver.cpp, line 773]
Event: 0.234 Thread 0x000001effd12f120 Exception <a 'java/lang/NoSuchMethodError'{0x00000007199c5030}: 'java.lang.Object java.lang.invoke.DirectMethodHandle$Holder.newInvokeSpecial(java.lang.Object, long, java.lang.Object)'> (0x00000007199c5030) 
thrown [s\open\src\hotspot\share\interpreter\linkResolver.cpp, line 773]
Event: 0.235 Thread 0x000001effd12f120 Exception <a 'java/lang/NullPointerException'{0x00000007199d0990}> (0x00000007199d0990) 
thrown [s\open\src\hotspot\share\interpreter\linkResolver.cpp, line 1372]
Event: 0.235 Thread 0x000001effd12f120 Exception <a 'java/lang/NullPointerException'{0x00000007199d0c70}> (0x00000007199d0c70) 
thrown [s\open\src\hotspot\share\interpreter\linkResolver.cpp, line 1372]
Event: 0.235 Thread 0x000001effd12f120 Exception <a 'java/lang/NullPointerException'{0x00000007199d0f50}> (0x00000007199d0f50) 
thrown [s\open\src\hotspot\share\interpreter\linkResolver.cpp, line 1372]
Event: 0.236 Thread 0x000001effd12f120 Exception <a 'java/lang/NullPointerException'{0x0000000719601578}> (0x0000000719601578) 
thrown [s\open\src\hotspot\share\interpreter\linkResolver.cpp, line 1372]
Event: 0.239 Thread 0x000001effd12f120 Exception <a 'java/lang/NullPointerException'{0x0000000719615158}> (0x0000000719615158) 
thrown [s\open\src\hotspot\share\interpreter\linkResolver.cpp, line 1372]
Event: 0.239 Thread 0x000001effd12f120 Exception <a 'java/lang/NullPointerException'{0x0000000719615438}> (0x0000000719615438) 
thrown [s\open\src\hotspot\share\interpreter\linkResolver.cpp, line 1372]
Event: 0.239 Thread 0x000001effd12f120 Exception <a 'java/lang/NullPointerException'{0x0000000719615718}> (0x0000000719615718) 
thrown [s\open\src\hotspot\share\interpreter\linkResolver.cpp, line 1372]
Event: 0.239 Thread 0x000001effd12f120 Exception <a 'java/lang/NullPointerException'{0x00000007196159f8}> (0x00000007196159f8) 
thrown [s\open\src\hotspot\share\interpreter\linkResolver.cpp, line 1372]
Event: 0.245 Thread 0x000001effd12f120 Exception <a 'sun/nio/fs/WindowsException'{0x00000007196417f8}> (0x00000007196417f8) 
thrown [s\open\src\hotspot\share\prims\jni.cpp, line 520]
Event: 0.246 Thread 0x000001effd12f120 Exception <a 'sun/nio/fs/WindowsException'{0x0000000719641eb8}> (0x0000000719641eb8) 
thrown [s\open\src\hotspot\share\prims\jni.cpp, line 520]
Event: 0.246 Thread 0x000001effd12f120 Exception <a 'sun/nio/fs/WindowsException'{0x0000000719642430}> (0x0000000719642430) 
thrown [s\open\src\hotspot\share\prims\jni.cpp, line 520]
Event: 0.246 Thread 0x000001effd12f120 Exception <a 'sun/nio/fs/WindowsException'{0x0000000719642940}> (0x0000000719642940) 
thrown [s\open\src\hotspot\share\prims\jni.cpp, line 520]
Event: 0.246 Thread 0x000001effd12f120 Exception <a 'sun/nio/fs/WindowsException'{0x0000000719642e00}> (0x0000000719642e00) 
thrown [s\open\src\hotspot\share\prims\jni.cpp, line 520]
Event: 0.260 Thread 0x000001effd12f120 Exception <a 'java/lang/NoSuchMethodError'{0x0000000719691aa8}: 'void java.lang.invoke.DirectMethodHandle$Holder.invokeStatic(java.lang.Object, java.lang.Object)'> (0x0000000719691aa8) 
thrown [s\open\src\hotspot\share\interpreter\linkResolver.cpp, line 773]
Event: 0.260 Thread 0x000001effd12f120 Exception <a 'java/lang/NoSuchMethodError'{0x0000000719694e88}: 'void java.lang.invoke.DirectMethodHandle$Holder.invokeStaticInit(java.lang.Object, java.lang.Object)'> (0x0000000719694e88) 
thrown [s\open\src\hotspot\share\interpreter\linkResolver.cpp, line 773]
Event: 0.269 Thread 0x000001effd12f120 Exception <a 'java/lang/NoSuchMethodError'{0x00000007196cecd8}: 'void java.lang.invoke.DirectMethodHandle$Holder.invokeStatic(java.lang.Object, java.lang.Object, java.lang.Object)'> (0x00000007196cecd8) 
thrown [s\open\src\hotspot\share\interpreter\linkResolver.cpp, line 773]
Event: 0.342 Thread 0x000001effd12f120 Exception <a 'java/lang/NoSuchMethodError'{0x000000071944fe48}: 'java.lang.Object java.lang.invoke.DirectMethodHandle$Holder.invokeSpecialIFC(java.lang.Object, java.lang.Object, java.lang.Object, java.lang.Object)'> (0x000000071944fe48) 
thrown [s\open\src\hotspot\share\interpreter\linkResolver.cpp, line 773]

ZGC Phase Switch (0 events):
No events

VM Operations (6 events):
Event: 0.068 Executing VM operation: HandshakeAllThreads (Deoptimize)
Event: 0.068 Executing VM operation: HandshakeAllThreads (Deoptimize) done
Event: 0.222 Executing VM operation: HandshakeAllThreads (Deoptimize)
Event: 0.222 Executing VM operation: HandshakeAllThreads (Deoptimize) done
Event: 0.232 Executing VM operation: HandshakeAllThreads (Deoptimize)
Event: 0.232 Executing VM operation: HandshakeAllThreads (Deoptimize) done

Events (13 events):
Event: 0.021 Thread 0x000001effd12f120 Thread added: 0x000001effd12f120
Event: 0.039 Thread 0x000001effeaaeae0 Thread added: 0x000001effeaaeae0
Event: 0.039 Thread 0x000001effeaaf6e0 Thread added: 0x000001effeaaf6e0
Event: 0.039 Thread 0x000001effeab2e90 Thread added: 0x000001effeab2e90
Event: 0.039 Thread 0x000001effeab3b40 Thread added: 0x000001effeab3b40
Event: 0.039 Thread 0x000001effeabcd90 Thread added: 0x000001effeabcd90
Event: 0.039 Thread 0x000001effeabe680 Thread added: 0x000001effeabe680
Event: 0.040 Thread 0x000001effeac5620 Thread added: 0x000001effeac5620
Event: 0.040 Thread 0x000001effeac8380 Thread added: 0x000001effeac8380
Event: 0.055 Thread 0x000001effeabed10 Thread added: 0x000001effeabed10
Event: 0.058 Thread 0x000001effeabf3a0 Thread added: 0x000001effeabf3a0
Event: 0.226 Thread 0x000001effeabfa30 Thread added: 0x000001effeabfa30
Event: 0.238 Thread 0x000001effeabfa30 Thread exited: 0x000001effeabfa30


Dynamic libraries:
0x00007ff77fe70000 - 0x00007ff77fe80000 	C:\Program Files\Java\jdk-21\bin\java.exe
0x00007ffa5f6e0000 - 0x00007ffa5f948000 	C:\WINDOWS\SYSTEM32\ntdll.dll
0x00007ffa5e7b0000 - 0x00007ffa5e879000 	C:\WINDOWS\System32\KERNEL32.DLL
0x00007ffa5c410000 - 0x00007ffa5c801000 	C:\WINDOWS\System32\KERNELBASE.dll
0x00007ffa5c810000 - 0x00007ffa5c95b000 	C:\WINDOWS\System32\ucrtbase.dll
0x00007ffa2fdc0000 - 0x00007ffa2fddb000 	C:\Program Files\Java\jdk-21\bin\VCRUNTIME140.dll
0x00007ffa382c0000 - 0x00007ffa382d9000 	C:\Program Files\Java\jdk-21\bin\jli.dll
0x00007ffa5d500000 - 0x00007ffa5d5b4000 	C:\WINDOWS\System32\ADVAPI32.dll
0x00007ffa5e690000 - 0x00007ffa5e739000 	C:\WINDOWS\System32\msvcrt.dll
0x00007ffa5f3b0000 - 0x00007ffa5f456000 	C:\WINDOWS\System32\sechost.dll
0x00007ffa5ec20000 - 0x00007ffa5ed38000 	C:\WINDOWS\System32\RPCRT4.dll
0x00007ffa5e430000 - 0x00007ffa5e5f6000 	C:\WINDOWS\System32\USER32.dll
0x00007ffa5c3e0000 - 0x00007ffa5c407000 	C:\WINDOWS\System32\win32u.dll
0x00007ffa41f10000 - 0x00007ffa421a3000 	C:\WINDOWS\WinSxS\amd64_microsoft.windows.common-controls_6595b64144ccf1df_6.0.26100.7705_none_3e06597ae3363b04\COMCTL32.dll
0x00007ffa5f610000 - 0x00007ffa5f63b000 	C:\WINDOWS\System32\GDI32.dll
0x00007ffa5bfc0000 - 0x00007ffa5c0eb000 	C:\WINDOWS\System32\gdi32full.dll
0x00007ffa5c270000 - 0x00007ffa5c313000 	C:\WINDOWS\System32\msvcp_win.dll
0x00007ffa536f0000 - 0x00007ffa536fb000 	C:\WINDOWS\SYSTEM32\VERSION.dll
0x00007ffa5d8f0000 - 0x00007ffa5d921000 	C:\WINDOWS\System32\IMM32.DLL
0x00007ffa2dd80000 - 0x00007ffa2dd8c000 	C:\Program Files\Java\jdk-21\bin\vcruntime140_1.dll
0x00007ffa1e1a0000 - 0x00007ffa1e22e000 	C:\Program Files\Java\jdk-21\bin\msvcp140.dll
0x00007ff996750000 - 0x00007ff99746d000 	C:\Program Files\Java\jdk-21\bin\server\jvm.dll
0x00007ffa5f460000 - 0x00007ffa5f4d4000 	C:\WINDOWS\System32\WS2_32.dll
0x00007ffa5be20000 - 0x00007ffa5be7e000 	C:\WINDOWS\SYSTEM32\POWRPROF.dll
0x00007ffa518a0000 - 0x00007ffa518d5000 	C:\WINDOWS\SYSTEM32\WINMM.dll
0x00007ffa5be00000 - 0x00007ffa5be14000 	C:\WINDOWS\SYSTEM32\UMPDC.dll
0x00007ffa5ad70000 - 0x00007ffa5ad8b000 	C:\WINDOWS\SYSTEM32\kernel.appcore.dll
0x00007ffa2dd70000 - 0x00007ffa2dd7a000 	C:\Program Files\Java\jdk-21\bin\jimage.dll
0x00007ffa52370000 - 0x00007ffa525b2000 	C:\WINDOWS\SYSTEM32\DBGHELP.DLL
0x00007ffa5e880000 - 0x00007ffa5ec06000 	C:\WINDOWS\System32\combase.dll
0x00007ffa5e350000 - 0x00007ffa5e427000 	C:\WINDOWS\System32\OLEAUT32.dll
0x00007ffa40fe0000 - 0x00007ffa4101b000 	C:\WINDOWS\SYSTEM32\dbgcore.DLL
0x00007ffa5c960000 - 0x00007ffa5ca05000 	C:\WINDOWS\System32\bcryptPrimitives.dll
0x00007ffa2dd50000 - 0x00007ffa2dd6f000 	C:\Program Files\Java\jdk-21\bin\java.dll
0x00007ffa5dbf0000 - 0x00007ffa5e341000 	C:\WINDOWS\System32\SHELL32.dll
0x00007ffa5d310000 - 0x00007ffa5d47a000 	C:\WINDOWS\System32\wintypes.dll
0x00007ffa5caa0000 - 0x00007ffa5d302000 	C:\WINDOWS\System32\windows.storage.dll
0x00007ffa5d5c0000 - 0x00007ffa5d6b6000 	C:\WINDOWS\System32\SHCORE.dll
0x00007ffa5e740000 - 0x00007ffa5e7a7000 	C:\WINDOWS\System32\shlwapi.dll
0x00007ffa5bee0000 - 0x00007ffa5bf09000 	C:\WINDOWS\SYSTEM32\profapi.dll
0x00007ffa1e0c0000 - 0x00007ffa1e197000 	C:\Program Files\Java\jdk-21\bin\jsvml.dll
0x00007ffa2dd40000 - 0x00007ffa2dd50000 	C:\Program Files\Java\jdk-21\bin\net.dll
0x00007ffa55280000 - 0x00007ffa553a7000 	C:\WINDOWS\SYSTEM32\WINHTTP.dll
0x00007ffa5b2e0000 - 0x00007ffa5b34b000 	C:\WINDOWS\system32\mswsock.dll
0x00007ffa2bff0000 - 0x00007ffa2c006000 	C:\Program Files\Java\jdk-21\bin\nio.dll
0x00007ffa2bfd0000 - 0x00007ffa2bfe8000 	C:\Program Files\Java\jdk-21\bin\zip.dll
0x00007ffa1e320000 - 0x00007ffa1e344000 	C:\Program Files\apache-maven-3.9.11\lib\jansi-native\Windows\x86_64\jansi.dll
0x00007ffa2dd30000 - 0x00007ffa2dd40000 	C:\Program Files\Java\jdk-21\bin\verify.dll

dbghelp: loaded successfully - version: 4.0.5 - missing functions: none
symbol engine: initialized successfully - sym options: 0x614 - pdb path: .;C:\Program Files\Java\jdk-21\bin;C:\WINDOWS\SYSTEM32;C:\WINDOWS\WinSxS\amd64_microsoft.windows.common-controls_6595b64144ccf1df_6.0.26100.7705_none_3e06597ae3363b04;C:\Program Files\Java\jdk-21\bin\server;C:\Program Files\apache-maven-3.9.11\lib\jansi-native\Windows\x86_64

VM Arguments:
jvm_args: --enable-native-access=ALL-UNNAMED -Dclassworlds.conf=C:\Program Files\apache-maven-3.9.11\bin\m2.conf -Dmaven.home=C:\Program Files\apache-maven-3.9.11 -Dlibrary.jansi.path=C:\Program Files\apache-maven-3.9.11\lib\jansi-native -Dmaven.multiModuleProjectDirectory=F:\Project\MicroLift\backend\donation-service 
java_command: org.codehaus.plexus.classworlds.launcher.Launcher spring-boot:run
java_class_path (initial): C:\Program Files\apache-maven-3.9.11\boot\plexus-classworlds-2.9.0.jar
Launcher Type: SUN_STANDARD

[Global flags]
     intx CICompilerCount                          = 4                                         {product} {ergonomic}
     uint ConcGCThreads                            = 3                                         {product} {ergonomic}
     uint G1ConcRefinementThreads                  = 10                                        {product} {ergonomic}
   size_t G1HeapRegionSize                         = 2097152                                   {product} {ergonomic}
    uintx GCDrainStackTargetSize                   = 64                                        {product} {ergonomic}
   size_t InitialHeapSize                          = 257949696                                 {product} {ergonomic}
   size_t MarkStackSize                            = 4194304                                   {product} {ergonomic}
   size_t MaxHeapSize                              = 4118806528                                {product} {ergonomic}
   size_t MaxNewSize                               = 2470445056                                {product} {ergonomic}
   size_t MinHeapDeltaBytes                        = 2097152                                   {product} {ergonomic}
   size_t MinHeapSize                              = 8388608                                   {product} {ergonomic}
    uintx NonNMethodCodeHeapSize                   = 5839372                                {pd product} {ergonomic}
    uintx NonProfiledCodeHeapSize                  = 122909434                              {pd product} {ergonomic}
    uintx ProfiledCodeHeapSize                     = 122909434                              {pd product} {ergonomic}
    uintx ReservedCodeCacheSize                    = 251658240                              {pd product} {ergonomic}
     bool SegmentedCodeCache                       = true                                      {product} {ergonomic}
   size_t SoftMaxHeapSize                          = 4118806528                             {manageable} {ergonomic}
     bool UseCompressedOops                        = true                           {product lp64_product} {ergonomic}
     bool UseG1GC                                  = true                                      {product} {ergonomic}
     bool UseLargePagesIndividualAllocation        = false                                  {pd product} {ergonomic}

Logging:
Log output configuration:
 #0: stdout all=warning uptime,level,tags foldmultilines=false
 #1: stderr all=off uptime,level,tags foldmultilines=false

Environment Variables:
JAVA_HOME=C:\Program Files\Java\jdk-21
CLASSPATH=C:\Users\user\Downloads\mysql-connector-j-9.2.0\mysql-connector-j-9.2.0.;
PATH=C:\Program Files\Common Files\Oracle\Java\javapath;C:\Program Files\Java\jdk-21.0.8\bin;C:\windows\system32;C:\windows;C:\windows\System32\Wbem;C:\windows\System32\WindowsPowerShell\v1.0\;C:\windows\System32\OpenSSH\;C:\Program Files (x86)\NVIDIA Corporation\PhysX\Common;C:\WINDOWS\system32;C:\WINDOWS;C:\WINDOWS\System32\Wbem;C:\WINDOWS\System32\WindowsPowerShell\v1.0\;C:\WINDOWS\System32\OpenSSH\;C:\Users\user\Downloads\mysql-9.0.1-winx64.zip\mysql-9.0.1-winx64\bin;C:\Program Files\dotnet\;C:\Program Files\Git\cmd;C:\Program Files\Git\mingw64\bin;C:\Program Files\Git\usr\bin;C:\Program Files\gradle\gradle-8.13-bin\gradle-8.13\bin;C:\Program Files\Arduino PLC IDE Tools\;C:\MinGW\bin;C:\Program Files\apache-maven-3.9.11\bin;C:\Program Files\Microsoft SQL Server\150\Tools\Binn\;C:\Program Files\Microsoft SQL Server\Client SDK\ODBC\170\Tools\Binn\;C:\Program Files (x86)\Microsoft SQL Server\150\Tools\Binn\;C:\Program Files\Microsoft SQL Server\150\DTS\Binn\;C:\Program Files (x86)\Windows Kits\10\Windows Performance Toolkit\;C:\Program Files\nodejs\;C:\Users\user\AppData\Local\Programs\Python\Python314\Scripts\;C:\Users\user\AppData\Local\Programs\Python\Python314\;C:\Program Files\MySQL\MySQL Shell 8.0\bin\;C:\Users\user\AppData\Local\Microsoft\WindowsApps;C:\Users\user\AppData\Local\Programs\Microsoft VS Code\bin;C:\Users\user\.dotnet\tools;C:\Program Files\JetBrains\IntelliJ IDEA Community Edition 2024.3.5\bin;;C:\Program Files\MySQL\MySQL Workbench 8.0 CE\MySQLWorkbench.exe.config;C:\Program Files\MySQL\MySQL Server 8.0\bin;C:\Users\user\AppData\Roaming\npm;C:\Users\user\AppData\Local\Programs\Antigravity\bin
USERNAME=user
OS=Windows_NT
PROCESSOR_IDENTIFIER=AMD64 Family 25 Model 80 Stepping 0, AuthenticAMD
TMP=C:\Users\user\AppData\Local\Temp
TEMP=C:\Users\user\AppData\Local\Temp




Periodic native trim disabled

---------------  S Y S T E M  ---------------

OS:
 Windows 11 , 64 bit Build 26100 (10.0.26100.7705)
OS uptime: 3 days 22:59 hours
Hyper-V role detected

CPU: total 12 (initial active 12) (12 cores per cpu, 2 threads per core) family 25 model 80 stepping 0 microcode 0xa50000f, cx8, cmov, fxsr, ht, mmx, 3dnowpref, sse, sse2, sse3, ssse3, sse4a, sse4.1, sse4.2, popcnt, lzcnt, tsc, tscinvbit, avx, avx2, aes, erms, clmul, bmi1, bmi2, adx, sha, fma, vzeroupper, clflush, clflushopt, hv, rdtscp, rdpid, fsrm, f16c, cet_ss
Processor Information for all 12 processors :
  Max Mhz: 3301, Current Mhz: 3301, Mhz Limit: 3301

Memory: 4k page, system-wide physical 15710M (773M free)
TotalPageFile size 26895M (AvailPageFile size 0M)
current process WorkingSet (physical memory assigned to process): 60M, peak: 60M
current process commit charge ("private bytes"): 344M, peak: 344M

vm_info: Java HotSpot(TM) 64-Bit Server VM (21.0.8+12-LTS-250) for windows-amd64 JRE (21.0.8+12-LTS-250), built on 2025-06-27T08:11:22Z by "mach5one" with MS VC++ 17.6 (VS2022)

END.
